#
# There is insufficient memory for the Java Runtime Environment to continue.
# Native memory allocation (mmap) failed to map 268435456 bytes for Failed to commit area from 0x0000000700e00000 to 0x0000000710e00000 of length 268435456.
# Possible reasons:
#   The system is out of physical RAM or swap space
#   The process is running with CompressedOops enabled, and the Java Heap may be blocking the growth of the native heap
# Possible solutions:
#   Reduce memory load on the system
#   Increase physical memory or swap space
#   Check if swap backing store is full
#   Decrease Java heap size (-Xmx/-Xms)
#   Decrease number of Java threads
#   Decrease Java thread stack sizes (-Xss)
#   Set larger code cache with -XX:ReservedCodeCacheSize=
# This output file may be truncated or incomplete.
#
#  Out of Memory Error (t:/workspace/open/src/hotspot/os/windows/os_windows.cpp:3301), pid=15632, tid=13976
#
# JRE version:  (13.0.1+9) (build )
# Java VM: Java HotSpot(TM) 64-Bit Server VM (13.0.1+9, mixed mode, aot, sharing, tiered, compressed oops, g1 gc, windows-amd64)
# No core dump will be written. Minidumps are not enabled by default on client versions of Windows
#

---------------  S U M M A R Y ------------

Command Line: -Dfile.encoding=UTF-8 --module-path=C:\Users\Tinny\Documents\NetBeansProjects\WaitersMenu\build\classes WaitersMenu.LoginForm

Host: AMD A10-7850K Radeon R7, 12 Compute Cores 4C+8G, 4 cores, 15G,  Windows 10 , 64 bit Build 19041 (10.0.19041.662)
Time: Fri Mar 12 16:57:28 2021 Central European Standard Time elapsed time: 0 seconds (0d 0h 0m 0s)

---------------  T H R E A D  ---------------

Current thread (0x000001b3e74ba000):  JavaThread "Unknown thread" [_thread_in_vm, id=13976, stack(0x00000008b3e00000,0x00000008b3f00000)]

Stack: [0x00000008b3e00000,0x00000008b3f00000]
Native frames: (J=compiled Java code, j=interpreted, Vv=VM code, C=native code)
V  [jvm.dll+0x626eca]
V  [jvm.dll+0x772c6a]
V  [jvm.dll+0x77441f]
V  [jvm.dll+0x774a23]
V  [jvm.dll+0x24da58]
V  [jvm.dll+0x62438a]
V  [jvm.dll+0x618f75]
V  [jvm.dll+0x30c61c]
V  [jvm.dll+0x30c452]
V  [jvm.dll+0x311bc6]
V  [jvm.dll+0x355ce6]
V  [jvm.dll+0x3554c0]
V  [jvm.dll+0x2e729a]
V  [jvm.dll+0x2e8532]
V  [jvm.dll+0x74fcd8]
V  [jvm.dll+0x363739]
V  [jvm.dll+0x732dc5]
V  [jvm.dll+0x3ce2ef]
V  [jvm.dll+0x3d0611]
C  [jli.dll+0x51ff]
C  [ucrtbase.dll+0x214c2]
C  [KERNEL32.DLL+0x17034]
C  [ntdll.dll+0x4d0d1]


---------------  P R O C E S S  ---------------

Threads class SMR info:
_java_thread_list=0x00007ffde8b246b8, length=0, elements={
}

Java Threads: ( => current thread )

Other Threads:
  0x000001b3e7527000 GCTaskThread "GC Thread#0" [stack: 0x00000008b3f00000,0x00000008b4000000] [id=3252]
  0x000001b3e7548800 ConcurrentGCThread "G1 Main Marker" [stack: 0x00000008b4000000,0x00000008b4100000] [id=5932]
  0x000001b3e754b800 ConcurrentGCThread "G1 Conc#0" [stack: 0x00000008b4100000,0x00000008b4200000] [id=4032]

[error occurred during error reporting (printing all threads), id 0xc0000005, EXCEPTION_ACCESS_VIOLATION (0xc0000005) at pc=0x00007ffde8356f67]

VM state:not at safepoint (not fully initialized)

VM Mutex/Monitor currently owned by a thread:  ([mutex/lock_event])
[0x000001b3e74b6890] Heap_lock - owner thread: 0x000001b3e74ba000

Heap address: 0x0000000700e00000, size: 4082 MB, Compressed Oops mode: Non-zero based: 0x0000000700e00000
Narrow klass base: 0x0000000000000000, Narrow klass shift: 0

GC Heap History (0 events):
No events

Deoptimization events (0 events):
No events

Classes unloaded (0 events):
No events

Classes redefined (0 events):
No events

Internal exceptions (0 events):
No events

Events (8 events):
Event: 0.015 Loaded shared library C:\Program Files\Java\jdk-13.0.1\bin\zip.dll
Event: 0.020 Loaded shared library C:\Program Files\Java\jdk-13.0.1\bin\jimage.dll
Event: 0.022 Loading shared library C:\Program Files\Java\jdk-13.0.1\lib\libjava.base-coop.dll failed, error code 126
Event: 0.022 Loading shared library C:\Program Files\Java\jdk-13.0.1\lib\libjava.logging-coop.dll failed, error code 126
Event: 0.022 Loading shared library C:\Program Files\Java\jdk-13.0.1\lib\libjdk.compiler-coop.dll failed, error code 126
Event: 0.022 Loading shared library C:\Program Files\Java\jdk-13.0.1\lib\libjdk.scripting.nashorn-coop.dll failed, error code 126
Event: 0.022 Loading shared library C:\Program Files\Java\jdk-13.0.1\lib\libjdk.internal.vm.ci-coop.dll failed, error code 126
Event: 0.022 Loading shared library C:\Program Files\Java\jdk-13.0.1\lib\libjdk.internal.vm.compiler-coop.dll failed, error code 126


Dynamic libraries:
0x00007ff615fc0000 - 0x00007ff615fcf000 	C:\Program Files\Java\jdk-13.0.1\bin\java.exe
0x00007ffe14910000 - 0x00007ffe14b06000 	C:\WINDOWS\SYSTEM32\ntdll.dll
0x00007ffe14340000 - 0x00007ffe143fd000 	C:\WINDOWS\System32\KERNEL32.DLL
0x00007ffe12080000 - 0x00007ffe12349000 	C:\WINDOWS\System32\KERNELBASE.dll
0x00007ffe126e0000 - 0x00007ffe127e0000 	C:\WINDOWS\System32\ucrtbase.dll
0x00007ffe11590000 - 0x00007ffe115a8000 	C:\Program Files\Java\jdk-13.0.1\bin\jli.dll
0x00007ffe131f0000 - 0x00007ffe1329c000 	C:\WINDOWS\System32\ADVAPI32.dll
0x00007ffe12ff0000 - 0x00007ffe1308e000 	C:\WINDOWS\System32\msvcrt.dll
0x00007ffe13400000 - 0x00007ffe1349c000 	C:\WINDOWS\System32\sechost.dll
0x00007ffe13090000 - 0x00007ffe131bb000 	C:\WINDOWS\System32\RPCRT4.dll
0x00007ffe13d40000 - 0x00007ffe13ee0000 	C:\WINDOWS\System32\USER32.dll
0x00007ffe12940000 - 0x00007ffe12962000 	C:\WINDOWS\System32\win32u.dll
0x00007ffe131c0000 - 0x00007ffe131ea000 	C:\WINDOWS\System32\GDI32.dll
0x00007ffe125d0000 - 0x00007ffe126db000 	C:\WINDOWS\System32\gdi32full.dll
0x00007ffe12530000 - 0x00007ffe125cd000 	C:\WINDOWS\System32\msvcp_win.dll
0x00007ffe114a0000 - 0x00007ffe114b5000 	C:\Program Files\Java\jdk-13.0.1\bin\VCRUNTIME140.dll
0x00007ffe01520000 - 0x00007ffe017bb000 	C:\WINDOWS\WinSxS\amd64_microsoft.windows.common-controls_6595b64144ccf1df_6.0.19041.746_none_ca02b4b61b8320a4\COMCTL32.dll
0x00007ffe0c2b0000 - 0x00007ffe0c2ba000 	C:\WINDOWS\SYSTEM32\VERSION.dll
0x00007ffe148a0000 - 0x00007ffe148d0000 	C:\WINDOWS\System32\IMM32.DLL
0x00007ffe02140000 - 0x00007ffe021db000 	C:\Program Files\Java\jdk-13.0.1\bin\msvcp140.dll
0x00007ffde8060000 - 0x00007ffde8bc6000 	C:\Program Files\Java\jdk-13.0.1\bin\server\jvm.dll
0x00007ffe13ee0000 - 0x00007ffe13ee8000 	C:\WINDOWS\System32\PSAPI.DLL
0x00007ffe11520000 - 0x00007ffe11529000 	C:\WINDOWS\SYSTEM32\WSOCK32.dll
0x00007ffe13cd0000 - 0x00007ffe13d3b000 	C:\WINDOWS\System32\WS2_32.dll
0x00007ffe0ec40000 - 0x00007ffe0ec67000 	C:\WINDOWS\SYSTEM32\WINMM.dll
0x00007ffe0f110000 - 0x00007ffe0f122000 	C:\WINDOWS\SYSTEM32\kernel.appcore.dll
0x00007ffe11410000 - 0x00007ffe11420000 	C:\Program Files\Java\jdk-13.0.1\bin\verify.dll
0x00007ffe11850000 - 0x00007ffe11a34000 	C:\WINDOWS\SYSTEM32\DBGHELP.DLL
0x00007ffe117a0000 - 0x00007ffe117cc000 	C:\WINDOWS\SYSTEM32\dbgcore.DLL
0x00007ffe123a0000 - 0x00007ffe12420000 	C:\WINDOWS\System32\bcryptPrimitives.dll
0x00007ffe0ac50000 - 0x00007ffe0ac76000 	C:\Program Files\Java\jdk-13.0.1\bin\java.dll
0x00007ffe0b0c0000 - 0x00007ffe0b0d7000 	C:\Program Files\Java\jdk-13.0.1\bin\zip.dll
0x00007ffe0ac40000 - 0x00007ffe0ac4a000 	C:\Program Files\Java\jdk-13.0.1\bin\jimage.dll

dbghelp: loaded successfully - version: 4.0.5 - missing functions: none
symbol engine: initialized successfully - sym options: 0x614 - pdb path: .;C:\Program Files\Java\jdk-13.0.1\bin;C:\WINDOWS\SYSTEM32;C:\WINDOWS\WinSxS\amd64_microsoft.windows.common-controls_6595b64144ccf1df_6.0.19041.746_none_ca02b4b61b8320a4;C:\Program Files\Java\jdk-13.0.1\bin\server

VM Arguments:
jvm_args: -Dfile.encoding=UTF-8 --module-path=C:\Users\Tinny\Documents\NetBeansProjects\WaitersMenu\build\classes 
java_command: WaitersMenu.LoginForm
java_class_path (initial): C:\Program Files\NetBeans-12.2\netbeans\java\modules\ext\AbsoluteLayout.jar;C:\MYSQLIDBC\mysql-connector-java-8.0.23;C:\Users\Tinny\Downloads\com.mysql.jdbc_5.1.5.jar;C:\Users\Tinny\Documents\NetBeansProjects\WaitersMenu\build\classes
Launcher Type: SUN_STANDARD

[Global flags]
     intx CICompilerCount                          = 3                                         {product} {ergonomic}
     uint ConcGCThreads                            = 1                                         {product} {ergonomic}
     uint G1ConcRefinementThreads                  = 4                                         {product} {ergonomic}
   size_t G1HeapRegionSize                         = 1048576                                   {product} {ergonomic}
    uintx GCDrainStackTargetSize                   = 64                                        {product} {ergonomic}
   size_t InitialHeapSize                          = 268435456                                 {product} {ergonomic}
   size_t MarkStackSize                            = 4194304                                   {product} {ergonomic}
   size_t MaxHeapSize                              = 4280287232                                {product} {ergonomic}
   size_t MinHeapDeltaBytes                        = 1048576                                   {product} {ergonomic}
   size_t MinHeapSize                              = 8388608                                   {product} {ergonomic}
    uintx NonNMethodCodeHeapSize                   = 5830732                                {pd product} {ergonomic}
    uintx NonProfiledCodeHeapSize                  = 122913754                              {pd product} {ergonomic}
    uintx ProfiledCodeHeapSize                     = 122913754                              {pd product} {ergonomic}
    uintx ReservedCodeCacheSize                    = 251658240                              {pd product} {ergonomic}
     bool SegmentedCodeCache                       = true                                      {product} {ergonomic}
   size_t SoftMaxHeapSize                          = 4280287232                             {manageable} {ergonomic}
     bool UseCompressedClassPointers               = true                                 {lp64_product} {ergonomic}
     bool UseCompressedOops                        = true                                 {lp64_product} {ergonomic}
     bool UseG1GC                                  = true                                      {product} {ergonomic}
     bool UseLargePagesIndividualAllocation        = false                                  {pd product} {ergonomic}

Logging:
Log output configuration:
 #0: stdout all=warning uptime,level,tags
 #1: stderr all=off uptime,level,tags

Environment Variables:
PATH=C:\Program Files (x86)\Razer Chroma SDK\bin;C:\Program Files\Razer Chroma SDK\bin;C:\Program Files (x86)\Razer\ChromaBroadcast\bin;C:\Program Files\Razer\ChromaBroadcast\bin;C:\Program Files (x86)\Common Files\Oracle\Java\javapath;C:\Program Files (x86)\NVIDIA Corporation\PhysX\Common;C:\WINDOWS\system32;C:\WINDOWS;C:\WINDOWS\System32\Wbem;C:\WINDOWS\System32\WindowsPowerShell\v1.0\;C:\WINDOWS\System32\OpenSSH\;C:\Program Files\Java\jdk-13.0.1\bin;C:\Program Files\Microsoft SQL Server\Client SDK\ODBC\110\Tools\Binn\;C:\Program Files\Microsoft SQL Server\Client SDK\ODBC\170\Tools\Binn\;C:\Program Files (x86)\Microsoft SQL Server\150\Tools\Binn\;C:\Program Files\Microsoft SQL Server\150\Tools\Binn\;C:\Program Files\Microsoft SQL Server\150\DTS\Binn\;C:\WINDOWS\system32\config\systemprofile\AppData\Local\Microsoft\WindowsApps;C:\xampp\php;C:\ProgramData\ComposerSetup\bin;C:\Program Files\nodejs\;C:\Program Files\Git\cmd;C:\Program Files\PuTTY\;C:\Program Files\MySQL\MySQL Shell 8.0\bin\;C:\Users\Tinny\AppData\Local\Microsoft\WindowsApps;C:\Users\Tinny\AppData\Roaming\Composer\vendor\bin;C:\Users\Tinny\AppData\Roaming\npm;C:\Users\Tinny\AppData\Local\Programs\Microsoft VS Code\bin;C:\Users\Tinny\AppData\Local\GitHubDesktop\bin
USERNAME=Tinny
OS=Windows_NT
PROCESSOR_IDENTIFIER=AMD64 Family 21 Model 48 Stepping 1, AuthenticAMD



---------------  S Y S T E M  ---------------

OS: Windows 10 , 64 bit Build 19041 (10.0.19041.662)

CPU:total 4 (initial active 4) (4 cores per cpu, 1 threads per core) family 21 model 48 stepping 1, cmov, cx8, fxsr, mmx, sse, sse2, sse3, ssse3, sse4.1, sse4.2, popcnt, avx, aes, clmul, mmxext, 3dnowpref, lzcnt, sse4a, tsc, tscinvbit, tscinv, bmi1, fma

Memory: 4k page, system-wide physical 16320M (6600M free)
TotalPageFile size 18320M (AvailPageFile size 114M)
current process WorkingSet (physical memory assigned to process): 10M, peak: 10M
current process commit charge ("private bytes"): 52M, peak: 308M

vm_info: Java HotSpot(TM) 64-Bit Server VM (13.0.1+9) for windows-amd64 JRE (13.0.1+9), built on Oct  6 2019 12:37:49 by "mach5one" with unknown MS VC++:1916

END.
