#
# There is insufficient memory for the Java Runtime Environment to continue.
# Native memory allocation (malloc) failed to allocate 742240 bytes for Chunk::new
# Possible reasons:
#   The system is out of physical RAM or swap space
#   The process is running with CompressedOops enabled, and the Java Heap may be blocking the growth of the native heap
# Possible solutions:
#   Reduce memory load on the system
#   Increase physical memory or swap space
#   Check if swap backing store is full
#   Decrease Java heap size (-Xmx/-Xms)
#   Decrease number of Java threads
#   Decrease Java thread stack sizes (-Xss)
#   Set larger code cache with -XX:ReservedCodeCacheSize=
#   JVM is running with Zero Based Compressed Oops mode in which the Java heap is
#     placed in the first 32GB address space. The Java Heap base address is the
#     maximum limit for the native heap growth. Please use -XX:HeapBaseMinAddress
#     to set the Java Heap base and to place the Java Heap above 32GB virtual address.
# This output file may be truncated or incomplete.
#
#  Out of Memory Error (t:/workspace/open/src/hotspot/share/memory/arena.cpp:196), pid=16332, tid=12204
#
# JRE version: Java(TM) SE Runtime Environment (13.0.1+9) (build 13.0.1+9)
# Java VM: Java HotSpot(TM) 64-Bit Server VM (13.0.1+9, mixed mode, sharing, tiered, compressed oops, g1 gc, windows-amd64)
# No core dump will be written. Minidumps are not enabled by default on client versions of Windows
#

---------------  S U M M A R Y ------------

Command Line: -Dfile.encoding=UTF-8 --module-path=C:\Users\Tinny\Documents\NetBeansProjects\WaitersMenu\build\classes WaitersMenu.LoginForm

Host: AMD A10-7850K Radeon R7, 12 Compute Cores 4C+8G, 4 cores, 15G,  Windows 10 , 64 bit Build 19041 (10.0.19041.662)
Time: Fri Mar 12 16:57:57 2021 Central European Standard Time elapsed time: 13 seconds (0d 0h 0m 13s)

---------------  T H R E A D  ---------------

Current thread (0x0000016574528800):  JavaThread "C2 CompilerThread0" daemon [_thread_in_native, id=12204, stack(0x0000003c57400000,0x0000003c57500000)]


Current CompileTask:
C2:  13545 1562       4       sun.java2d.pipe.BufferedContext::validate (575 bytes)

Stack: [0x0000003c57400000,0x0000003c57500000]
Native frames: (J=compiled Java code, j=interpreted, Vv=VM code, C=native code)
V  [jvm.dll+0x626eca]
V  [jvm.dll+0x772c6a]
V  [jvm.dll+0x77441f]
V  [jvm.dll+0x774a23]
V  [jvm.dll+0x24da58]
V  [jvm.dll+0xc3ae7]
V  [jvm.dll+0xc406c]
V  [jvm.dll+0x35de75]
V  [jvm.dll+0x329593]
V  [jvm.dll+0x32896a]
V  [jvm.dll+0x2078c7]
V  [jvm.dll+0x206adf]
V  [jvm.dll+0x18b94c]
V  [jvm.dll+0x2159bd]
V  [jvm.dll+0x213e6b]
V  [jvm.dll+0x738b16]
V  [jvm.dll+0x731c0a]
V  [jvm.dll+0x6260c6]
C  [ucrtbase.dll+0x214c2]
C  [KERNEL32.DLL+0x17034]
C  [ntdll.dll+0x4d0d1]


---------------  P R O C E S S  ---------------

Threads class SMR info:
_java_thread_list=0x000001657501de50, length=16, elements={
0x0000016573c86800, 0x0000016573c89800, 0x0000016574525800, 0x0000016573c8e000,
0x0000016574528800, 0x000001657452e800, 0x0000016574537800, 0x0000016574644000,
0x00000165746dd800, 0x0000016574a14000, 0x0000016574a4e800, 0x0000016574a4f000,
0x0000016574ad5000, 0x0000016550199800, 0x0000016574fea000, 0x000001657501d000
}

Java Threads: ( => current thread )
  0x0000016573c86800 JavaThread "Reference Handler" daemon [_thread_blocked, id=14372, stack(0x0000003c57000000,0x0000003c57100000)]
  0x0000016573c89800 JavaThread "Finalizer" daemon [_thread_blocked, id=8484, stack(0x0000003c57100000,0x0000003c57200000)]
  0x0000016574525800 JavaThread "Signal Dispatcher" daemon [_thread_blocked, id=12320, stack(0x0000003c57200000,0x0000003c57300000)]
  0x0000016573c8e000 JavaThread "Attach Listener" daemon [_thread_blocked, id=12824, stack(0x0000003c57300000,0x0000003c57400000)]
=>0x0000016574528800 JavaThread "C2 CompilerThread0" daemon [_thread_in_native, id=12204, stack(0x0000003c57400000,0x0000003c57500000)]
  0x000001657452e800 JavaThread "C1 CompilerThread0" daemon [_thread_in_native, id=8748, stack(0x0000003c57500000,0x0000003c57600000)]
  0x0000016574537800 JavaThread "Sweeper thread" daemon [_thread_blocked, id=10888, stack(0x0000003c57600000,0x0000003c57700000)]
  0x0000016574644000 JavaThread "Common-Cleaner" daemon [_thread_blocked, id=11688, stack(0x0000003c57700000,0x0000003c57800000)]
  0x00000165746dd800 JavaThread "Service Thread" daemon [_thread_blocked, id=2612, stack(0x0000003c57800000,0x0000003c57900000)]
  0x0000016574a14000 JavaThread "Java2D Disposer" daemon [_thread_blocked, id=6036, stack(0x0000003c57a00000,0x0000003c57b00000)]
  0x0000016574a4e800 JavaThread "AWT-Shutdown" [_thread_blocked, id=15732, stack(0x0000003c57b00000,0x0000003c57c00000)]
  0x0000016574a4f000 JavaThread "AWT-Windows" daemon [_thread_in_native, id=11548, stack(0x0000003c57c00000,0x0000003c57d00000)]
  0x0000016574ad5000 JavaThread "AWT-EventQueue-0" [_thread_in_native, id=7612, stack(0x0000003c57d00000,0x0000003c57e00000)]
  0x0000016550199800 JavaThread "DestroyJavaVM" [_thread_blocked, id=14024, stack(0x0000003c56900000,0x0000003c56a00000)]
  0x0000016574fea000 JavaThread "D3D Screen Updater" daemon [_thread_blocked, id=16832, stack(0x0000003c58800000,0x0000003c58900000)]
  0x000001657501d000 JavaThread "TimerQueue" daemon [_thread_blocked, id=14004, stack(0x0000003c58900000,0x0000003c58a00000)]

Other Threads:
  0x0000016573c81000 VMThread "VM Thread" [stack: 0x0000003c56f00000,0x0000003c57000000] [id=12992]
  0x0000016574691800 WatcherThread [stack: 0x0000003c57900000,0x0000003c57a00000] [id=11160]
  0x0000016550206800 GCTaskThread "GC Thread#0" [stack: 0x0000003c56a00000,0x0000003c56b00000] [id=17508]
  0x000001655022a000 ConcurrentGCThread "G1 Main Marker" [stack: 0x0000003c56b00000,0x0000003c56c00000] [id=8860]
  0x000001655022b800 ConcurrentGCThread "G1 Conc#0" [stack: 0x0000003c56c00000,0x0000003c56d00000] [id=8356]
  0x0000016573b7c800 ConcurrentGCThread "G1 Refine#0" [stack: 0x0000003c56d00000,0x0000003c56e00000] [id=15524]
  0x0000016573b7e800 ConcurrentGCThread "G1 Young RemSet Sampling" [stack: 0x0000003c56e00000,0x0000003c56f00000] [id=12052]

Threads with active compile tasks:
C2 CompilerThread0    13609 1562       4       sun.java2d.pipe.BufferedContext::validate (575 bytes)

VM state:not at safepoint (normal execution)

VM Mutex/Monitor currently owned by a thread: None

Heap address: 0x0000000700e00000, size: 4082 MB, Compressed Oops mode: Zero based, Oop shift amount: 3
Narrow klass base: 0x0000000800000000, Narrow klass shift: 3
Compressed class space size: 1073741824 Address: 0x0000000800b40000

Heap:
 garbage-first heap   total 262144K, used 10240K [0x0000000700e00000, 0x0000000800000000)
  region size 1024K, 11 young (11264K), 0 survivors (0K)
 Metaspace       used 10520K, capacity 10828K, committed 10880K, reserved 1058816K
  class space    used 1230K, capacity 1388K, committed 1408K, reserved 1048576K
Heap Regions: E=young(eden), S=young(survivor), O=old, HS=humongous(starts), HC=humongous(continues), CS=collection set, F=free, A=archive, TAMS=top-at-mark-start (previous, next)
|   0|0x0000000700e00000, 0x0000000700e00000, 0x0000000700f00000|  0%| F|  |TAMS 0x0000000700e00000, 0x0000000700e00000| Untracked 
|   1|0x0000000700f00000, 0x0000000700f00000, 0x0000000701000000|  0%| F|  |TAMS 0x0000000700f00000, 0x0000000700f00000| Untracked 
|   2|0x0000000701000000, 0x0000000701000000, 0x0000000701100000|  0%| F|  |TAMS 0x0000000701000000, 0x0000000701000000| Untracked 
|   3|0x0000000701100000, 0x0000000701100000, 0x0000000701200000|  0%| F|  |TAMS 0x0000000701100000, 0x0000000701100000| Untracked 
|   4|0x0000000701200000, 0x0000000701200000, 0x0000000701300000|  0%| F|  |TAMS 0x0000000701200000, 0x0000000701200000| Untracked 
|   5|0x0000000701300000, 0x0000000701300000, 0x0000000701400000|  0%| F|  |TAMS 0x0000000701300000, 0x0000000701300000| Untracked 
|   6|0x0000000701400000, 0x0000000701400000, 0x0000000701500000|  0%| F|  |TAMS 0x0000000701400000, 0x0000000701400000| Untracked 
|   7|0x0000000701500000, 0x0000000701500000, 0x0000000701600000|  0%| F|  |TAMS 0x0000000701500000, 0x0000000701500000| Untracked 
|   8|0x0000000701600000, 0x0000000701600000, 0x0000000701700000|  0%| F|  |TAMS 0x0000000701600000, 0x0000000701600000| Untracked 
|   9|0x0000000701700000, 0x0000000701700000, 0x0000000701800000|  0%| F|  |TAMS 0x0000000701700000, 0x0000000701700000| Untracked 
|  10|0x0000000701800000, 0x0000000701800000, 0x0000000701900000|  0%| F|  |TAMS 0x0000000701800000, 0x0000000701800000| Untracked 
|  11|0x0000000701900000, 0x0000000701900000, 0x0000000701a00000|  0%| F|  |TAMS 0x0000000701900000, 0x0000000701900000| Untracked 
|  12|0x0000000701a00000, 0x0000000701a00000, 0x0000000701b00000|  0%| F|  |TAMS 0x0000000701a00000, 0x0000000701a00000| Untracked 
|  13|0x0000000701b00000, 0x0000000701b00000, 0x0000000701c00000|  0%| F|  |TAMS 0x0000000701b00000, 0x0000000701b00000| Untracked 
|  14|0x0000000701c00000, 0x0000000701c00000, 0x0000000701d00000|  0%| F|  |TAMS 0x0000000701c00000, 0x0000000701c00000| Untracked 
|  15|0x0000000701d00000, 0x0000000701d00000, 0x0000000701e00000|  0%| F|  |TAMS 0x0000000701d00000, 0x0000000701d00000| Untracked 
|  16|0x0000000701e00000, 0x0000000701e00000, 0x0000000701f00000|  0%| F|  |TAMS 0x0000000701e00000, 0x0000000701e00000| Untracked 
|  17|0x0000000701f00000, 0x0000000701f00000, 0x0000000702000000|  0%| F|  |TAMS 0x0000000701f00000, 0x0000000701f00000| Untracked 
|  18|0x0000000702000000, 0x0000000702000000, 0x0000000702100000|  0%| F|  |TAMS 0x0000000702000000, 0x0000000702000000| Untracked 
|  19|0x0000000702100000, 0x0000000702100000, 0x0000000702200000|  0%| F|  |TAMS 0x0000000702100000, 0x0000000702100000| Untracked 
|  20|0x0000000702200000, 0x0000000702200000, 0x0000000702300000|  0%| F|  |TAMS 0x0000000702200000, 0x0000000702200000| Untracked 
|  21|0x0000000702300000, 0x0000000702300000, 0x0000000702400000|  0%| F|  |TAMS 0x0000000702300000, 0x0000000702300000| Untracked 
|  22|0x0000000702400000, 0x0000000702400000, 0x0000000702500000|  0%| F|  |TAMS 0x0000000702400000, 0x0000000702400000| Untracked 
|  23|0x0000000702500000, 0x0000000702500000, 0x0000000702600000|  0%| F|  |TAMS 0x0000000702500000, 0x0000000702500000| Untracked 
|  24|0x0000000702600000, 0x0000000702600000, 0x0000000702700000|  0%| F|  |TAMS 0x0000000702600000, 0x0000000702600000| Untracked 
|  25|0x0000000702700000, 0x0000000702700000, 0x0000000702800000|  0%| F|  |TAMS 0x0000000702700000, 0x0000000702700000| Untracked 
|  26|0x0000000702800000, 0x0000000702800000, 0x0000000702900000|  0%| F|  |TAMS 0x0000000702800000, 0x0000000702800000| Untracked 
|  27|0x0000000702900000, 0x0000000702900000, 0x0000000702a00000|  0%| F|  |TAMS 0x0000000702900000, 0x0000000702900000| Untracked 
|  28|0x0000000702a00000, 0x0000000702a00000, 0x0000000702b00000|  0%| F|  |TAMS 0x0000000702a00000, 0x0000000702a00000| Untracked 
|  29|0x0000000702b00000, 0x0000000702b00000, 0x0000000702c00000|  0%| F|  |TAMS 0x0000000702b00000, 0x0000000702b00000| Untracked 
|  30|0x0000000702c00000, 0x0000000702c00000, 0x0000000702d00000|  0%| F|  |TAMS 0x0000000702c00000, 0x0000000702c00000| Untracked 
|  31|0x0000000702d00000, 0x0000000702d00000, 0x0000000702e00000|  0%| F|  |TAMS 0x0000000702d00000, 0x0000000702d00000| Untracked 
|  32|0x0000000702e00000, 0x0000000702e00000, 0x0000000702f00000|  0%| F|  |TAMS 0x0000000702e00000, 0x0000000702e00000| Untracked 
|  33|0x0000000702f00000, 0x0000000702f00000, 0x0000000703000000|  0%| F|  |TAMS 0x0000000702f00000, 0x0000000702f00000| Untracked 
|  34|0x0000000703000000, 0x0000000703000000, 0x0000000703100000|  0%| F|  |TAMS 0x0000000703000000, 0x0000000703000000| Untracked 
|  35|0x0000000703100000, 0x0000000703100000, 0x0000000703200000|  0%| F|  |TAMS 0x0000000703100000, 0x0000000703100000| Untracked 
|  36|0x0000000703200000, 0x0000000703200000, 0x0000000703300000|  0%| F|  |TAMS 0x0000000703200000, 0x0000000703200000| Untracked 
|  37|0x0000000703300000, 0x0000000703300000, 0x0000000703400000|  0%| F|  |TAMS 0x0000000703300000, 0x0000000703300000| Untracked 
|  38|0x0000000703400000, 0x0000000703400000, 0x0000000703500000|  0%| F|  |TAMS 0x0000000703400000, 0x0000000703400000| Untracked 
|  39|0x0000000703500000, 0x0000000703500000, 0x0000000703600000|  0%| F|  |TAMS 0x0000000703500000, 0x0000000703500000| Untracked 
|  40|0x0000000703600000, 0x0000000703600000, 0x0000000703700000|  0%| F|  |TAMS 0x0000000703600000, 0x0000000703600000| Untracked 
|  41|0x0000000703700000, 0x0000000703700000, 0x0000000703800000|  0%| F|  |TAMS 0x0000000703700000, 0x0000000703700000| Untracked 
|  42|0x0000000703800000, 0x0000000703800000, 0x0000000703900000|  0%| F|  |TAMS 0x0000000703800000, 0x0000000703800000| Untracked 
|  43|0x0000000703900000, 0x0000000703900000, 0x0000000703a00000|  0%| F|  |TAMS 0x0000000703900000, 0x0000000703900000| Untracked 
|  44|0x0000000703a00000, 0x0000000703a00000, 0x0000000703b00000|  0%| F|  |TAMS 0x0000000703a00000, 0x0000000703a00000| Untracked 
|  45|0x0000000703b00000, 0x0000000703b00000, 0x0000000703c00000|  0%| F|  |TAMS 0x0000000703b00000, 0x0000000703b00000| Untracked 
|  46|0x0000000703c00000, 0x0000000703c00000, 0x0000000703d00000|  0%| F|  |TAMS 0x0000000703c00000, 0x0000000703c00000| Untracked 
|  47|0x0000000703d00000, 0x0000000703d00000, 0x0000000703e00000|  0%| F|  |TAMS 0x0000000703d00000, 0x0000000703d00000| Untracked 
|  48|0x0000000703e00000, 0x0000000703e00000, 0x0000000703f00000|  0%| F|  |TAMS 0x0000000703e00000, 0x0000000703e00000| Untracked 
|  49|0x0000000703f00000, 0x0000000703f00000, 0x0000000704000000|  0%| F|  |TAMS 0x0000000703f00000, 0x0000000703f00000| Untracked 
|  50|0x0000000704000000, 0x0000000704000000, 0x0000000704100000|  0%| F|  |TAMS 0x0000000704000000, 0x0000000704000000| Untracked 
|  51|0x0000000704100000, 0x0000000704100000, 0x0000000704200000|  0%| F|  |TAMS 0x0000000704100000, 0x0000000704100000| Untracked 
|  52|0x0000000704200000, 0x0000000704200000, 0x0000000704300000|  0%| F|  |TAMS 0x0000000704200000, 0x0000000704200000| Untracked 
|  53|0x0000000704300000, 0x0000000704300000, 0x0000000704400000|  0%| F|  |TAMS 0x0000000704300000, 0x0000000704300000| Untracked 
|  54|0x0000000704400000, 0x0000000704400000, 0x0000000704500000|  0%| F|  |TAMS 0x0000000704400000, 0x0000000704400000| Untracked 
|  55|0x0000000704500000, 0x0000000704500000, 0x0000000704600000|  0%| F|  |TAMS 0x0000000704500000, 0x0000000704500000| Untracked 
|  56|0x0000000704600000, 0x0000000704600000, 0x0000000704700000|  0%| F|  |TAMS 0x0000000704600000, 0x0000000704600000| Untracked 
|  57|0x0000000704700000, 0x0000000704700000, 0x0000000704800000|  0%| F|  |TAMS 0x0000000704700000, 0x0000000704700000| Untracked 
|  58|0x0000000704800000, 0x0000000704800000, 0x0000000704900000|  0%| F|  |TAMS 0x0000000704800000, 0x0000000704800000| Untracked 
|  59|0x0000000704900000, 0x0000000704900000, 0x0000000704a00000|  0%| F|  |TAMS 0x0000000704900000, 0x0000000704900000| Untracked 
|  60|0x0000000704a00000, 0x0000000704a00000, 0x0000000704b00000|  0%| F|  |TAMS 0x0000000704a00000, 0x0000000704a00000| Untracked 
|  61|0x0000000704b00000, 0x0000000704b00000, 0x0000000704c00000|  0%| F|  |TAMS 0x0000000704b00000, 0x0000000704b00000| Untracked 
|  62|0x0000000704c00000, 0x0000000704c00000, 0x0000000704d00000|  0%| F|  |TAMS 0x0000000704c00000, 0x0000000704c00000| Untracked 
|  63|0x0000000704d00000, 0x0000000704d00000, 0x0000000704e00000|  0%| F|  |TAMS 0x0000000704d00000, 0x0000000704d00000| Untracked 
|  64|0x0000000704e00000, 0x0000000704e00000, 0x0000000704f00000|  0%| F|  |TAMS 0x0000000704e00000, 0x0000000704e00000| Untracked 
|  65|0x0000000704f00000, 0x0000000704f00000, 0x0000000705000000|  0%| F|  |TAMS 0x0000000704f00000, 0x0000000704f00000| Untracked 
|  66|0x0000000705000000, 0x0000000705000000, 0x0000000705100000|  0%| F|  |TAMS 0x0000000705000000, 0x0000000705000000| Untracked 
|  67|0x0000000705100000, 0x0000000705100000, 0x0000000705200000|  0%| F|  |TAMS 0x0000000705100000, 0x0000000705100000| Untracked 
|  68|0x0000000705200000, 0x0000000705200000, 0x0000000705300000|  0%| F|  |TAMS 0x0000000705200000, 0x0000000705200000| Untracked 
|  69|0x0000000705300000, 0x0000000705300000, 0x0000000705400000|  0%| F|  |TAMS 0x0000000705300000, 0x0000000705300000| Untracked 
|  70|0x0000000705400000, 0x0000000705400000, 0x0000000705500000|  0%| F|  |TAMS 0x0000000705400000, 0x0000000705400000| Untracked 
|  71|0x0000000705500000, 0x0000000705500000, 0x0000000705600000|  0%| F|  |TAMS 0x0000000705500000, 0x0000000705500000| Untracked 
|  72|0x0000000705600000, 0x0000000705600000, 0x0000000705700000|  0%| F|  |TAMS 0x0000000705600000, 0x0000000705600000| Untracked 
|  73|0x0000000705700000, 0x0000000705700000, 0x0000000705800000|  0%| F|  |TAMS 0x0000000705700000, 0x0000000705700000| Untracked 
|  74|0x0000000705800000, 0x0000000705800000, 0x0000000705900000|  0%| F|  |TAMS 0x0000000705800000, 0x0000000705800000| Untracked 
|  75|0x0000000705900000, 0x0000000705900000, 0x0000000705a00000|  0%| F|  |TAMS 0x0000000705900000, 0x0000000705900000| Untracked 
|  76|0x0000000705a00000, 0x0000000705a00000, 0x0000000705b00000|  0%| F|  |TAMS 0x0000000705a00000, 0x0000000705a00000| Untracked 
|  77|0x0000000705b00000, 0x0000000705b00000, 0x0000000705c00000|  0%| F|  |TAMS 0x0000000705b00000, 0x0000000705b00000| Untracked 
|  78|0x0000000705c00000, 0x0000000705c00000, 0x0000000705d00000|  0%| F|  |TAMS 0x0000000705c00000, 0x0000000705c00000| Untracked 
|  79|0x0000000705d00000, 0x0000000705d00000, 0x0000000705e00000|  0%| F|  |TAMS 0x0000000705d00000, 0x0000000705d00000| Untracked 
|  80|0x0000000705e00000, 0x0000000705e00000, 0x0000000705f00000|  0%| F|  |TAMS 0x0000000705e00000, 0x0000000705e00000| Untracked 
|  81|0x0000000705f00000, 0x0000000705f00000, 0x0000000706000000|  0%| F|  |TAMS 0x0000000705f00000, 0x0000000705f00000| Untracked 
|  82|0x0000000706000000, 0x0000000706000000, 0x0000000706100000|  0%| F|  |TAMS 0x0000000706000000, 0x0000000706000000| Untracked 
|  83|0x0000000706100000, 0x0000000706100000, 0x0000000706200000|  0%| F|  |TAMS 0x0000000706100000, 0x0000000706100000| Untracked 
|  84|0x0000000706200000, 0x0000000706200000, 0x0000000706300000|  0%| F|  |TAMS 0x0000000706200000, 0x0000000706200000| Untracked 
|  85|0x0000000706300000, 0x0000000706300000, 0x0000000706400000|  0%| F|  |TAMS 0x0000000706300000, 0x0000000706300000| Untracked 
|  86|0x0000000706400000, 0x0000000706400000, 0x0000000706500000|  0%| F|  |TAMS 0x0000000706400000, 0x0000000706400000| Untracked 
|  87|0x0000000706500000, 0x0000000706500000, 0x0000000706600000|  0%| F|  |TAMS 0x0000000706500000, 0x0000000706500000| Untracked 
|  88|0x0000000706600000, 0x0000000706600000, 0x0000000706700000|  0%| F|  |TAMS 0x0000000706600000, 0x0000000706600000| Untracked 
|  89|0x0000000706700000, 0x0000000706700000, 0x0000000706800000|  0%| F|  |TAMS 0x0000000706700000, 0x0000000706700000| Untracked 
|  90|0x0000000706800000, 0x0000000706800000, 0x0000000706900000|  0%| F|  |TAMS 0x0000000706800000, 0x0000000706800000| Untracked 
|  91|0x0000000706900000, 0x0000000706900000, 0x0000000706a00000|  0%| F|  |TAMS 0x0000000706900000, 0x0000000706900000| Untracked 
|  92|0x0000000706a00000, 0x0000000706a00000, 0x0000000706b00000|  0%| F|  |TAMS 0x0000000706a00000, 0x0000000706a00000| Untracked 
|  93|0x0000000706b00000, 0x0000000706b00000, 0x0000000706c00000|  0%| F|  |TAMS 0x0000000706b00000, 0x0000000706b00000| Untracked 
|  94|0x0000000706c00000, 0x0000000706c00000, 0x0000000706d00000|  0%| F|  |TAMS 0x0000000706c00000, 0x0000000706c00000| Untracked 
|  95|0x0000000706d00000, 0x0000000706d00000, 0x0000000706e00000|  0%| F|  |TAMS 0x0000000706d00000, 0x0000000706d00000| Untracked 
|  96|0x0000000706e00000, 0x0000000706e00000, 0x0000000706f00000|  0%| F|  |TAMS 0x0000000706e00000, 0x0000000706e00000| Untracked 
|  97|0x0000000706f00000, 0x0000000706f00000, 0x0000000707000000|  0%| F|  |TAMS 0x0000000706f00000, 0x0000000706f00000| Untracked 
|  98|0x0000000707000000, 0x0000000707000000, 0x0000000707100000|  0%| F|  |TAMS 0x0000000707000000, 0x0000000707000000| Untracked 
|  99|0x0000000707100000, 0x0000000707100000, 0x0000000707200000|  0%| F|  |TAMS 0x0000000707100000, 0x0000000707100000| Untracked 
| 100|0x0000000707200000, 0x0000000707200000, 0x0000000707300000|  0%| F|  |TAMS 0x0000000707200000, 0x0000000707200000| Untracked 
| 101|0x0000000707300000, 0x0000000707300000, 0x0000000707400000|  0%| F|  |TAMS 0x0000000707300000, 0x0000000707300000| Untracked 
| 102|0x0000000707400000, 0x0000000707400000, 0x0000000707500000|  0%| F|  |TAMS 0x0000000707400000, 0x0000000707400000| Untracked 
| 103|0x0000000707500000, 0x0000000707500000, 0x0000000707600000|  0%| F|  |TAMS 0x0000000707500000, 0x0000000707500000| Untracked 
| 104|0x0000000707600000, 0x0000000707600000, 0x0000000707700000|  0%| F|  |TAMS 0x0000000707600000, 0x0000000707600000| Untracked 
| 105|0x0000000707700000, 0x0000000707700000, 0x0000000707800000|  0%| F|  |TAMS 0x0000000707700000, 0x0000000707700000| Untracked 
| 106|0x0000000707800000, 0x0000000707800000, 0x0000000707900000|  0%| F|  |TAMS 0x0000000707800000, 0x0000000707800000| Untracked 
| 107|0x0000000707900000, 0x0000000707900000, 0x0000000707a00000|  0%| F|  |TAMS 0x0000000707900000, 0x0000000707900000| Untracked 
| 108|0x0000000707a00000, 0x0000000707a00000, 0x0000000707b00000|  0%| F|  |TAMS 0x0000000707a00000, 0x0000000707a00000| Untracked 
| 109|0x0000000707b00000, 0x0000000707b00000, 0x0000000707c00000|  0%| F|  |TAMS 0x0000000707b00000, 0x0000000707b00000| Untracked 
| 110|0x0000000707c00000, 0x0000000707c00000, 0x0000000707d00000|  0%| F|  |TAMS 0x0000000707c00000, 0x0000000707c00000| Untracked 
| 111|0x0000000707d00000, 0x0000000707d00000, 0x0000000707e00000|  0%| F|  |TAMS 0x0000000707d00000, 0x0000000707d00000| Untracked 
| 112|0x0000000707e00000, 0x0000000707e00000, 0x0000000707f00000|  0%| F|  |TAMS 0x0000000707e00000, 0x0000000707e00000| Untracked 
| 113|0x0000000707f00000, 0x0000000707f00000, 0x0000000708000000|  0%| F|  |TAMS 0x0000000707f00000, 0x0000000707f00000| Untracked 
| 114|0x0000000708000000, 0x0000000708000000, 0x0000000708100000|  0%| F|  |TAMS 0x0000000708000000, 0x0000000708000000| Untracked 
| 115|0x0000000708100000, 0x0000000708100000, 0x0000000708200000|  0%| F|  |TAMS 0x0000000708100000, 0x0000000708100000| Untracked 
| 116|0x0000000708200000, 0x0000000708200000, 0x0000000708300000|  0%| F|  |TAMS 0x0000000708200000, 0x0000000708200000| Untracked 
| 117|0x0000000708300000, 0x0000000708300000, 0x0000000708400000|  0%| F|  |TAMS 0x0000000708300000, 0x0000000708300000| Untracked 
| 118|0x0000000708400000, 0x0000000708400000, 0x0000000708500000|  0%| F|  |TAMS 0x0000000708400000, 0x0000000708400000| Untracked 
| 119|0x0000000708500000, 0x0000000708500000, 0x0000000708600000|  0%| F|  |TAMS 0x0000000708500000, 0x0000000708500000| Untracked 
| 120|0x0000000708600000, 0x0000000708600000, 0x0000000708700000|  0%| F|  |TAMS 0x0000000708600000, 0x0000000708600000| Untracked 
| 121|0x0000000708700000, 0x0000000708700000, 0x0000000708800000|  0%| F|  |TAMS 0x0000000708700000, 0x0000000708700000| Untracked 
| 122|0x0000000708800000, 0x0000000708800000, 0x0000000708900000|  0%| F|  |TAMS 0x0000000708800000, 0x0000000708800000| Untracked 
| 123|0x0000000708900000, 0x0000000708900000, 0x0000000708a00000|  0%| F|  |TAMS 0x0000000708900000, 0x0000000708900000| Untracked 
| 124|0x0000000708a00000, 0x0000000708a00000, 0x0000000708b00000|  0%| F|  |TAMS 0x0000000708a00000, 0x0000000708a00000| Untracked 
| 125|0x0000000708b00000, 0x0000000708b00000, 0x0000000708c00000|  0%| F|  |TAMS 0x0000000708b00000, 0x0000000708b00000| Untracked 
| 126|0x0000000708c00000, 0x0000000708c00000, 0x0000000708d00000|  0%| F|  |TAMS 0x0000000708c00000, 0x0000000708c00000| Untracked 
| 127|0x0000000708d00000, 0x0000000708d00000, 0x0000000708e00000|  0%| F|  |TAMS 0x0000000708d00000, 0x0000000708d00000| Untracked 
| 128|0x0000000708e00000, 0x0000000708e00000, 0x0000000708f00000|  0%| F|  |TAMS 0x0000000708e00000, 0x0000000708e00000| Untracked 
| 129|0x0000000708f00000, 0x0000000708f00000, 0x0000000709000000|  0%| F|  |TAMS 0x0000000708f00000, 0x0000000708f00000| Untracked 
| 130|0x0000000709000000, 0x0000000709000000, 0x0000000709100000|  0%| F|  |TAMS 0x0000000709000000, 0x0000000709000000| Untracked 
| 131|0x0000000709100000, 0x0000000709100000, 0x0000000709200000|  0%| F|  |TAMS 0x0000000709100000, 0x0000000709100000| Untracked 
| 132|0x0000000709200000, 0x0000000709200000, 0x0000000709300000|  0%| F|  |TAMS 0x0000000709200000, 0x0000000709200000| Untracked 
| 133|0x0000000709300000, 0x0000000709300000, 0x0000000709400000|  0%| F|  |TAMS 0x0000000709300000, 0x0000000709300000| Untracked 
| 134|0x0000000709400000, 0x0000000709400000, 0x0000000709500000|  0%| F|  |TAMS 0x0000000709400000, 0x0000000709400000| Untracked 
| 135|0x0000000709500000, 0x0000000709500000, 0x0000000709600000|  0%| F|  |TAMS 0x0000000709500000, 0x0000000709500000| Untracked 
| 136|0x0000000709600000, 0x0000000709600000, 0x0000000709700000|  0%| F|  |TAMS 0x0000000709600000, 0x0000000709600000| Untracked 
| 137|0x0000000709700000, 0x0000000709700000, 0x0000000709800000|  0%| F|  |TAMS 0x0000000709700000, 0x0000000709700000| Untracked 
| 138|0x0000000709800000, 0x0000000709800000, 0x0000000709900000|  0%| F|  |TAMS 0x0000000709800000, 0x0000000709800000| Untracked 
| 139|0x0000000709900000, 0x0000000709900000, 0x0000000709a00000|  0%| F|  |TAMS 0x0000000709900000, 0x0000000709900000| Untracked 
| 140|0x0000000709a00000, 0x0000000709a00000, 0x0000000709b00000|  0%| F|  |TAMS 0x0000000709a00000, 0x0000000709a00000| Untracked 
| 141|0x0000000709b00000, 0x0000000709b00000, 0x0000000709c00000|  0%| F|  |TAMS 0x0000000709b00000, 0x0000000709b00000| Untracked 
| 142|0x0000000709c00000, 0x0000000709c00000, 0x0000000709d00000|  0%| F|  |TAMS 0x0000000709c00000, 0x0000000709c00000| Untracked 
| 143|0x0000000709d00000, 0x0000000709d00000, 0x0000000709e00000|  0%| F|  |TAMS 0x0000000709d00000, 0x0000000709d00000| Untracked 
| 144|0x0000000709e00000, 0x0000000709e00000, 0x0000000709f00000|  0%| F|  |TAMS 0x0000000709e00000, 0x0000000709e00000| Untracked 
| 145|0x0000000709f00000, 0x0000000709f00000, 0x000000070a000000|  0%| F|  |TAMS 0x0000000709f00000, 0x0000000709f00000| Untracked 
| 146|0x000000070a000000, 0x000000070a000000, 0x000000070a100000|  0%| F|  |TAMS 0x000000070a000000, 0x000000070a000000| Untracked 
| 147|0x000000070a100000, 0x000000070a100000, 0x000000070a200000|  0%| F|  |TAMS 0x000000070a100000, 0x000000070a100000| Untracked 
| 148|0x000000070a200000, 0x000000070a200000, 0x000000070a300000|  0%| F|  |TAMS 0x000000070a200000, 0x000000070a200000| Untracked 
| 149|0x000000070a300000, 0x000000070a300000, 0x000000070a400000|  0%| F|  |TAMS 0x000000070a300000, 0x000000070a300000| Untracked 
| 150|0x000000070a400000, 0x000000070a400000, 0x000000070a500000|  0%| F|  |TAMS 0x000000070a400000, 0x000000070a400000| Untracked 
| 151|0x000000070a500000, 0x000000070a500000, 0x000000070a600000|  0%| F|  |TAMS 0x000000070a500000, 0x000000070a500000| Untracked 
| 152|0x000000070a600000, 0x000000070a600000, 0x000000070a700000|  0%| F|  |TAMS 0x000000070a600000, 0x000000070a600000| Untracked 
| 153|0x000000070a700000, 0x000000070a700000, 0x000000070a800000|  0%| F|  |TAMS 0x000000070a700000, 0x000000070a700000| Untracked 
| 154|0x000000070a800000, 0x000000070a800000, 0x000000070a900000|  0%| F|  |TAMS 0x000000070a800000, 0x000000070a800000| Untracked 
| 155|0x000000070a900000, 0x000000070a900000, 0x000000070aa00000|  0%| F|  |TAMS 0x000000070a900000, 0x000000070a900000| Untracked 
| 156|0x000000070aa00000, 0x000000070aa00000, 0x000000070ab00000|  0%| F|  |TAMS 0x000000070aa00000, 0x000000070aa00000| Untracked 
| 157|0x000000070ab00000, 0x000000070ab00000, 0x000000070ac00000|  0%| F|  |TAMS 0x000000070ab00000, 0x000000070ab00000| Untracked 
| 158|0x000000070ac00000, 0x000000070ac00000, 0x000000070ad00000|  0%| F|  |TAMS 0x000000070ac00000, 0x000000070ac00000| Untracked 
| 159|0x000000070ad00000, 0x000000070ad00000, 0x000000070ae00000|  0%| F|  |TAMS 0x000000070ad00000, 0x000000070ad00000| Untracked 
| 160|0x000000070ae00000, 0x000000070ae00000, 0x000000070af00000|  0%| F|  |TAMS 0x000000070ae00000, 0x000000070ae00000| Untracked 
| 161|0x000000070af00000, 0x000000070af00000, 0x000000070b000000|  0%| F|  |TAMS 0x000000070af00000, 0x000000070af00000| Untracked 
| 162|0x000000070b000000, 0x000000070b000000, 0x000000070b100000|  0%| F|  |TAMS 0x000000070b000000, 0x000000070b000000| Untracked 
| 163|0x000000070b100000, 0x000000070b100000, 0x000000070b200000|  0%| F|  |TAMS 0x000000070b100000, 0x000000070b100000| Untracked 
| 164|0x000000070b200000, 0x000000070b200000, 0x000000070b300000|  0%| F|  |TAMS 0x000000070b200000, 0x000000070b200000| Untracked 
| 165|0x000000070b300000, 0x000000070b300000, 0x000000070b400000|  0%| F|  |TAMS 0x000000070b300000, 0x000000070b300000| Untracked 
| 166|0x000000070b400000, 0x000000070b400000, 0x000000070b500000|  0%| F|  |TAMS 0x000000070b400000, 0x000000070b400000| Untracked 
| 167|0x000000070b500000, 0x000000070b500000, 0x000000070b600000|  0%| F|  |TAMS 0x000000070b500000, 0x000000070b500000| Untracked 
| 168|0x000000070b600000, 0x000000070b600000, 0x000000070b700000|  0%| F|  |TAMS 0x000000070b600000, 0x000000070b600000| Untracked 
| 169|0x000000070b700000, 0x000000070b700000, 0x000000070b800000|  0%| F|  |TAMS 0x000000070b700000, 0x000000070b700000| Untracked 
| 170|0x000000070b800000, 0x000000070b800000, 0x000000070b900000|  0%| F|  |TAMS 0x000000070b800000, 0x000000070b800000| Untracked 
| 171|0x000000070b900000, 0x000000070b900000, 0x000000070ba00000|  0%| F|  |TAMS 0x000000070b900000, 0x000000070b900000| Untracked 
| 172|0x000000070ba00000, 0x000000070ba00000, 0x000000070bb00000|  0%| F|  |TAMS 0x000000070ba00000, 0x000000070ba00000| Untracked 
| 173|0x000000070bb00000, 0x000000070bb00000, 0x000000070bc00000|  0%| F|  |TAMS 0x000000070bb00000, 0x000000070bb00000| Untracked 
| 174|0x000000070bc00000, 0x000000070bc00000, 0x000000070bd00000|  0%| F|  |TAMS 0x000000070bc00000, 0x000000070bc00000| Untracked 
| 175|0x000000070bd00000, 0x000000070bd00000, 0x000000070be00000|  0%| F|  |TAMS 0x000000070bd00000, 0x000000070bd00000| Untracked 
| 176|0x000000070be00000, 0x000000070be00000, 0x000000070bf00000|  0%| F|  |TAMS 0x000000070be00000, 0x000000070be00000| Untracked 
| 177|0x000000070bf00000, 0x000000070bf00000, 0x000000070c000000|  0%| F|  |TAMS 0x000000070bf00000, 0x000000070bf00000| Untracked 
| 178|0x000000070c000000, 0x000000070c000000, 0x000000070c100000|  0%| F|  |TAMS 0x000000070c000000, 0x000000070c000000| Untracked 
| 179|0x000000070c100000, 0x000000070c100000, 0x000000070c200000|  0%| F|  |TAMS 0x000000070c100000, 0x000000070c100000| Untracked 
| 180|0x000000070c200000, 0x000000070c200000, 0x000000070c300000|  0%| F|  |TAMS 0x000000070c200000, 0x000000070c200000| Untracked 
| 181|0x000000070c300000, 0x000000070c300000, 0x000000070c400000|  0%| F|  |TAMS 0x000000070c300000, 0x000000070c300000| Untracked 
| 182|0x000000070c400000, 0x000000070c400000, 0x000000070c500000|  0%| F|  |TAMS 0x000000070c400000, 0x000000070c400000| Untracked 
| 183|0x000000070c500000, 0x000000070c500000, 0x000000070c600000|  0%| F|  |TAMS 0x000000070c500000, 0x000000070c500000| Untracked 
| 184|0x000000070c600000, 0x000000070c600000, 0x000000070c700000|  0%| F|  |TAMS 0x000000070c600000, 0x000000070c600000| Untracked 
| 185|0x000000070c700000, 0x000000070c700000, 0x000000070c800000|  0%| F|  |TAMS 0x000000070c700000, 0x000000070c700000| Untracked 
| 186|0x000000070c800000, 0x000000070c800000, 0x000000070c900000|  0%| F|  |TAMS 0x000000070c800000, 0x000000070c800000| Untracked 
| 187|0x000000070c900000, 0x000000070c900000, 0x000000070ca00000|  0%| F|  |TAMS 0x000000070c900000, 0x000000070c900000| Untracked 
| 188|0x000000070ca00000, 0x000000070ca00000, 0x000000070cb00000|  0%| F|  |TAMS 0x000000070ca00000, 0x000000070ca00000| Untracked 
| 189|0x000000070cb00000, 0x000000070cb00000, 0x000000070cc00000|  0%| F|  |TAMS 0x000000070cb00000, 0x000000070cb00000| Untracked 
| 190|0x000000070cc00000, 0x000000070cc00000, 0x000000070cd00000|  0%| F|  |TAMS 0x000000070cc00000, 0x000000070cc00000| Untracked 
| 191|0x000000070cd00000, 0x000000070cd00000, 0x000000070ce00000|  0%| F|  |TAMS 0x000000070cd00000, 0x000000070cd00000| Untracked 
| 192|0x000000070ce00000, 0x000000070ce00000, 0x000000070cf00000|  0%| F|  |TAMS 0x000000070ce00000, 0x000000070ce00000| Untracked 
| 193|0x000000070cf00000, 0x000000070cf00000, 0x000000070d000000|  0%| F|  |TAMS 0x000000070cf00000, 0x000000070cf00000| Untracked 
| 194|0x000000070d000000, 0x000000070d000000, 0x000000070d100000|  0%| F|  |TAMS 0x000000070d000000, 0x000000070d000000| Untracked 
| 195|0x000000070d100000, 0x000000070d100000, 0x000000070d200000|  0%| F|  |TAMS 0x000000070d100000, 0x000000070d100000| Untracked 
| 196|0x000000070d200000, 0x000000070d200000, 0x000000070d300000|  0%| F|  |TAMS 0x000000070d200000, 0x000000070d200000| Untracked 
| 197|0x000000070d300000, 0x000000070d300000, 0x000000070d400000|  0%| F|  |TAMS 0x000000070d300000, 0x000000070d300000| Untracked 
| 198|0x000000070d400000, 0x000000070d400000, 0x000000070d500000|  0%| F|  |TAMS 0x000000070d400000, 0x000000070d400000| Untracked 
| 199|0x000000070d500000, 0x000000070d500000, 0x000000070d600000|  0%| F|  |TAMS 0x000000070d500000, 0x000000070d500000| Untracked 
| 200|0x000000070d600000, 0x000000070d600000, 0x000000070d700000|  0%| F|  |TAMS 0x000000070d600000, 0x000000070d600000| Untracked 
| 201|0x000000070d700000, 0x000000070d700000, 0x000000070d800000|  0%| F|  |TAMS 0x000000070d700000, 0x000000070d700000| Untracked 
| 202|0x000000070d800000, 0x000000070d800000, 0x000000070d900000|  0%| F|  |TAMS 0x000000070d800000, 0x000000070d800000| Untracked 
| 203|0x000000070d900000, 0x000000070d900000, 0x000000070da00000|  0%| F|  |TAMS 0x000000070d900000, 0x000000070d900000| Untracked 
| 204|0x000000070da00000, 0x000000070da00000, 0x000000070db00000|  0%| F|  |TAMS 0x000000070da00000, 0x000000070da00000| Untracked 
| 205|0x000000070db00000, 0x000000070db00000, 0x000000070dc00000|  0%| F|  |TAMS 0x000000070db00000, 0x000000070db00000| Untracked 
| 206|0x000000070dc00000, 0x000000070dc00000, 0x000000070dd00000|  0%| F|  |TAMS 0x000000070dc00000, 0x000000070dc00000| Untracked 
| 207|0x000000070dd00000, 0x000000070dd00000, 0x000000070de00000|  0%| F|  |TAMS 0x000000070dd00000, 0x000000070dd00000| Untracked 
| 208|0x000000070de00000, 0x000000070de00000, 0x000000070df00000|  0%| F|  |TAMS 0x000000070de00000, 0x000000070de00000| Untracked 
| 209|0x000000070df00000, 0x000000070df00000, 0x000000070e000000|  0%| F|  |TAMS 0x000000070df00000, 0x000000070df00000| Untracked 
| 210|0x000000070e000000, 0x000000070e000000, 0x000000070e100000|  0%| F|  |TAMS 0x000000070e000000, 0x000000070e000000| Untracked 
| 211|0x000000070e100000, 0x000000070e100000, 0x000000070e200000|  0%| F|  |TAMS 0x000000070e100000, 0x000000070e100000| Untracked 
| 212|0x000000070e200000, 0x000000070e200000, 0x000000070e300000|  0%| F|  |TAMS 0x000000070e200000, 0x000000070e200000| Untracked 
| 213|0x000000070e300000, 0x000000070e300000, 0x000000070e400000|  0%| F|  |TAMS 0x000000070e300000, 0x000000070e300000| Untracked 
| 214|0x000000070e400000, 0x000000070e400000, 0x000000070e500000|  0%| F|  |TAMS 0x000000070e400000, 0x000000070e400000| Untracked 
| 215|0x000000070e500000, 0x000000070e500000, 0x000000070e600000|  0%| F|  |TAMS 0x000000070e500000, 0x000000070e500000| Untracked 
| 216|0x000000070e600000, 0x000000070e600000, 0x000000070e700000|  0%| F|  |TAMS 0x000000070e600000, 0x000000070e600000| Untracked 
| 217|0x000000070e700000, 0x000000070e700000, 0x000000070e800000|  0%| F|  |TAMS 0x000000070e700000, 0x000000070e700000| Untracked 
| 218|0x000000070e800000, 0x000000070e800000, 0x000000070e900000|  0%| F|  |TAMS 0x000000070e800000, 0x000000070e800000| Untracked 
| 219|0x000000070e900000, 0x000000070e900000, 0x000000070ea00000|  0%| F|  |TAMS 0x000000070e900000, 0x000000070e900000| Untracked 
| 220|0x000000070ea00000, 0x000000070ea00000, 0x000000070eb00000|  0%| F|  |TAMS 0x000000070ea00000, 0x000000070ea00000| Untracked 
| 221|0x000000070eb00000, 0x000000070eb00000, 0x000000070ec00000|  0%| F|  |TAMS 0x000000070eb00000, 0x000000070eb00000| Untracked 
| 222|0x000000070ec00000, 0x000000070ec00000, 0x000000070ed00000|  0%| F|  |TAMS 0x000000070ec00000, 0x000000070ec00000| Untracked 
| 223|0x000000070ed00000, 0x000000070ed00000, 0x000000070ee00000|  0%| F|  |TAMS 0x000000070ed00000, 0x000000070ed00000| Untracked 
| 224|0x000000070ee00000, 0x000000070ee00000, 0x000000070ef00000|  0%| F|  |TAMS 0x000000070ee00000, 0x000000070ee00000| Untracked 
| 225|0x000000070ef00000, 0x000000070ef00000, 0x000000070f000000|  0%| F|  |TAMS 0x000000070ef00000, 0x000000070ef00000| Untracked 
| 226|0x000000070f000000, 0x000000070f000000, 0x000000070f100000|  0%| F|  |TAMS 0x000000070f000000, 0x000000070f000000| Untracked 
| 227|0x000000070f100000, 0x000000070f100000, 0x000000070f200000|  0%| F|  |TAMS 0x000000070f100000, 0x000000070f100000| Untracked 
| 228|0x000000070f200000, 0x000000070f200000, 0x000000070f300000|  0%| F|  |TAMS 0x000000070f200000, 0x000000070f200000| Untracked 
| 229|0x000000070f300000, 0x000000070f300000, 0x000000070f400000|  0%| F|  |TAMS 0x000000070f300000, 0x000000070f300000| Untracked 
| 230|0x000000070f400000, 0x000000070f400000, 0x000000070f500000|  0%| F|  |TAMS 0x000000070f400000, 0x000000070f400000| Untracked 
| 231|0x000000070f500000, 0x000000070f500000, 0x000000070f600000|  0%| F|  |TAMS 0x000000070f500000, 0x000000070f500000| Untracked 
| 232|0x000000070f600000, 0x000000070f600000, 0x000000070f700000|  0%| F|  |TAMS 0x000000070f600000, 0x000000070f600000| Untracked 
| 233|0x000000070f700000, 0x000000070f700000, 0x000000070f800000|  0%| F|  |TAMS 0x000000070f700000, 0x000000070f700000| Untracked 
| 234|0x000000070f800000, 0x000000070f800000, 0x000000070f900000|  0%| F|  |TAMS 0x000000070f800000, 0x000000070f800000| Untracked 
| 235|0x000000070f900000, 0x000000070f900000, 0x000000070fa00000|  0%| F|  |TAMS 0x000000070f900000, 0x000000070f900000| Untracked 
| 236|0x000000070fa00000, 0x000000070fa00000, 0x000000070fb00000|  0%| F|  |TAMS 0x000000070fa00000, 0x000000070fa00000| Untracked 
| 237|0x000000070fb00000, 0x000000070fb00000, 0x000000070fc00000|  0%| F|  |TAMS 0x000000070fb00000, 0x000000070fb00000| Untracked 
| 238|0x000000070fc00000, 0x000000070fc00000, 0x000000070fd00000|  0%| F|  |TAMS 0x000000070fc00000, 0x000000070fc00000| Untracked 
| 239|0x000000070fd00000, 0x000000070fd00000, 0x000000070fe00000|  0%| F|  |TAMS 0x000000070fd00000, 0x000000070fd00000| Untracked 
| 240|0x000000070fe00000, 0x000000070fe00000, 0x000000070ff00000|  0%| F|  |TAMS 0x000000070fe00000, 0x000000070fe00000| Untracked 
| 241|0x000000070ff00000, 0x000000070ff00000, 0x0000000710000000|  0%| F|  |TAMS 0x000000070ff00000, 0x000000070ff00000| Untracked 
| 242|0x0000000710000000, 0x0000000710000000, 0x0000000710100000|  0%| F|  |TAMS 0x0000000710000000, 0x0000000710000000| Untracked 
| 243|0x0000000710100000, 0x0000000710100000, 0x0000000710200000|  0%| F|  |TAMS 0x0000000710100000, 0x0000000710100000| Untracked 
| 244|0x0000000710200000, 0x0000000710200000, 0x0000000710300000|  0%| F|  |TAMS 0x0000000710200000, 0x0000000710200000| Untracked 
| 245|0x0000000710300000, 0x000000071035bc18, 0x0000000710400000| 35%| E|  |TAMS 0x0000000710300000, 0x0000000710300000| Complete 
| 246|0x0000000710400000, 0x0000000710500000, 0x0000000710500000|100%| E|CS|TAMS 0x0000000710400000, 0x0000000710400000| Complete 
| 247|0x0000000710500000, 0x0000000710600000, 0x0000000710600000|100%| E|CS|TAMS 0x0000000710500000, 0x0000000710500000| Complete 
| 248|0x0000000710600000, 0x0000000710700000, 0x0000000710700000|100%| E|CS|TAMS 0x0000000710600000, 0x0000000710600000| Complete 
| 249|0x0000000710700000, 0x0000000710800000, 0x0000000710800000|100%| E|CS|TAMS 0x0000000710700000, 0x0000000710700000| Complete 
| 250|0x0000000710800000, 0x0000000710900000, 0x0000000710900000|100%| E|CS|TAMS 0x0000000710800000, 0x0000000710800000| Complete 
| 251|0x0000000710900000, 0x0000000710a00000, 0x0000000710a00000|100%| E|CS|TAMS 0x0000000710900000, 0x0000000710900000| Complete 
| 252|0x0000000710a00000, 0x0000000710b00000, 0x0000000710b00000|100%| E|CS|TAMS 0x0000000710a00000, 0x0000000710a00000| Complete 
| 253|0x0000000710b00000, 0x0000000710c00000, 0x0000000710c00000|100%| E|CS|TAMS 0x0000000710b00000, 0x0000000710b00000| Complete 
| 254|0x0000000710c00000, 0x0000000710d00000, 0x0000000710d00000|100%| E|CS|TAMS 0x0000000710c00000, 0x0000000710c00000| Complete 
| 255|0x0000000710d00000, 0x0000000710e00000, 0x0000000710e00000|100%| E|CS|TAMS 0x0000000710d00000, 0x0000000710d00000| Complete 

Card table byte_map: [0x0000016568610000,0x0000016568e10000] _byte_map_base: 0x0000016564e09000

Marking Bits (Prev, Next): (CMBitMap*) 0x0000016550207418, (CMBitMap*) 0x0000016550207458
 Prev Bits: [0x0000016569610000, 0x000001656d5d8000)
 Next Bits: [0x000001656d5e0000, 0x00000165715a8000)

Polling page: 0x000001654e880000

Metaspace:

Usage:
  Non-class:      9.22 MB capacity,     9.07 MB ( 98%) used,   124.84 KB (  1%) free+waste,    25.44 KB ( <1%) overhead. 
      Class:      1.36 MB capacity,     1.20 MB ( 89%) used,   141.15 KB ( 10%) free+waste,    16.19 KB (  1%) overhead. 
       Both:     10.57 MB capacity,    10.27 MB ( 97%) used,   265.98 KB (  2%) free+waste,    41.63 KB ( <1%) overhead. 

Virtual space:
  Non-class space:       10.00 MB reserved,       9.25 MB ( 93%) committed 
      Class space:        1.00 GB reserved,       1.38 MB ( <1%) committed 
             Both:        1.01 GB reserved,      10.63 MB (  1%) committed 

Chunk freelists:
   Non-Class:  32.00 KB
       Class:  20.00 KB
        Both:  52.00 KB

MaxMetaspaceSize: 17179869184.00 GB
CompressedClassSpaceSize: 1.00 GB

CodeHeap 'non-profiled nmethods': size=120064Kb used=516Kb max_used=516Kb free=119547Kb
 bounds [0x0000016560170000, 0x00000165603e0000, 0x00000165676b0000]
CodeHeap 'profiled nmethods': size=120000Kb used=3170Kb max_used=3170Kb free=116829Kb
 bounds [0x0000016558c40000, 0x0000016558f60000, 0x0000016560170000]
CodeHeap 'non-nmethods': size=5696Kb used=1319Kb max_used=1354Kb free=4376Kb
 bounds [0x00000165586b0000, 0x0000016558920000, 0x0000016558c40000]
 total_blobs=2668 nmethods=1569 adapters=523
 compilation: enabled
              stopped_count=0, restarted_count=0
 full_count=0

Compilation events (20 events):
Event: 13.387 Thread 0x000001657452e800 nmethod 1552 0x0000016558f4cf90 code [0x0000016558f4d140, 0x0000016558f4d318]
Event: 13.387 Thread 0x0000016574528800 1553       4       java.awt.geom.AffineTransform::equals (92 bytes)
Event: 13.389 Thread 0x0000016574528800 nmethod 1553 0x00000165601ed690 code [0x00000165601ed820, 0x00000165601ed9d8]
Event: 13.416 Thread 0x0000016574528800 1554       4       sun.java2d.d3d.D3DSurfaceData::getContext (5 bytes)
Event: 13.417 Thread 0x0000016574528800 nmethod 1554 0x00000165601eda90 code [0x00000165601edc20, 0x00000165601edcb8]
Event: 13.461 Thread 0x000001657452e800 1555       3       sun.java2d.d3d.D3DGraphicsDevice::getDefaultConfiguration (42 bytes)
Event: 13.462 Thread 0x000001657452e800 nmethod 1555 0x0000016558f4d390 code [0x0000016558f4d5c0, 0x0000016558f4e000]
Event: 13.462 Thread 0x000001657452e800 1556       3       sun.java2d.SunGraphics2D::drawImage (11 bytes)
Event: 13.462 Thread 0x0000016574528800 1558   !   4       sun.java2d.d3d.D3DRenderer::validateContext (70 bytes)
Event: 13.462 Thread 0x000001657452e800 nmethod 1556 0x0000016558f4e290 code [0x0000016558f4e440, 0x0000016558f4e610]
Event: 13.462 Thread 0x000001657452e800 1557   !   3       sun.java2d.SunGraphics2D::drawImage (150 bytes)
Event: 13.463 Thread 0x000001657452e800 nmethod 1557 0x0000016558f4e710 code [0x0000016558f4e980, 0x0000016558f4f5a0]
Event: 13.465 Thread 0x0000016574528800 nmethod 1558 0x00000165601edd90 code [0x00000165601edf40, 0x00000165601ee1e8]
Event: 13.465 Thread 0x0000016574528800 1559   !   4       sun.java2d.SunGraphics2D::fillRect (74 bytes)
Event: 13.494 Thread 0x0000016574528800 nmethod 1559 0x00000165601ee510 code [0x00000165601ee780, 0x00000165601ef8d0]
Event: 13.507 Thread 0x000001657452e800 1560       3       java.util.WeakHashMap::eq (19 bytes)
Event: 13.507 Thread 0x000001657452e800 nmethod 1560 0x0000016558f4fb10 code [0x0000016558f4fcc0, 0x0000016558f4ff70]
Event: 13.508 Thread 0x000001657452e800 1561       1       java.awt.Font::getStyle (5 bytes)
Event: 13.508 Thread 0x000001657452e800 nmethod 1561 0x00000165601f0710 code [0x00000165601f08a0, 0x00000165601f09d8]
Event: 13.509 Thread 0x0000016574528800 1562       4       sun.java2d.pipe.BufferedContext::validate (575 bytes)

GC Heap History (0 events):
No events

Deoptimization events (20 events):
Event: 12.221 Thread 0x0000016574a4f000 Uncommon trap: trap_request=0xffffffde fr.pc=0x00000165601dd070 relative=0x0000000000007090
Event: 12.221 Thread 0x0000016574a4f000 Uncommon trap: reason=class_check action=maybe_recompile pc=0x00000165601dd070 method=java.awt.EventQueue.coalesceEvent(Ljava/awt/AWTEvent;I)Z @ 61 c2
Event: 12.221 Thread 0x0000016574a4f000 DEOPT PACKING pc=0x00000165601dd070 sp=0x0000003c57cfd380
Event: 12.221 Thread 0x0000016574a4f000 DEOPT UNPACKING pc=0x00000165586f942f sp=0x0000003c57cfd1e0 mode 2
Event: 12.254 Thread 0x0000016574ad5000 Uncommon trap: trap_request=0xffffffde fr.pc=0x00000165601dd070 relative=0x0000000000007090
Event: 12.254 Thread 0x0000016574ad5000 Uncommon trap: reason=class_check action=maybe_recompile pc=0x00000165601dd070 method=java.awt.EventQueue.coalesceEvent(Ljava/awt/AWTEvent;I)Z @ 61 c2
Event: 12.254 Thread 0x0000016574ad5000 DEOPT PACKING pc=0x00000165601dd070 sp=0x0000003c57dfd8a0
Event: 12.254 Thread 0x0000016574ad5000 DEOPT UNPACKING pc=0x00000165586f942f sp=0x0000003c57dfd700 mode 2
Event: 13.366 Thread 0x000001657501d000 Uncommon trap: trap_request=0xffffff45 fr.pc=0x00000165601da498 relative=0x00000000000044b8
Event: 13.366 Thread 0x000001657501d000 Uncommon trap: reason=unstable_if action=reinterpret pc=0x00000165601da498 method=java.awt.EventQueue.getPriority(Ljava/awt/AWTEvent;)I @ 4 c2
Event: 13.366 Thread 0x000001657501d000 DEOPT PACKING pc=0x00000165601da498 sp=0x0000003c589febc0
Event: 13.366 Thread 0x000001657501d000 DEOPT UNPACKING pc=0x00000165586f942f sp=0x0000003c589feaa8 mode 2
Event: 13.366 Thread 0x000001657501d000 Uncommon trap: trap_request=0xffffff45 fr.pc=0x00000165601d3d74 relative=0x0000000000000054
Event: 13.366 Thread 0x000001657501d000 Uncommon trap: reason=unstable_if action=reinterpret pc=0x00000165601d3d74 method=java.awt.EventQueue.eventToCacheIndex(Ljava/awt/AWTEvent;)I @ 71 c2
Event: 13.366 Thread 0x000001657501d000 DEOPT PACKING pc=0x00000165601d3d74 sp=0x0000003c589fea00
Event: 13.366 Thread 0x000001657501d000 DEOPT UNPACKING pc=0x00000165586f942f sp=0x0000003c589fe998 mode 2
Event: 13.379 Thread 0x0000016574ad5000 Uncommon trap: trap_request=0xfffffff4 fr.pc=0x00000165601ed1b4 relative=0x0000000000000194
Event: 13.379 Thread 0x0000016574ad5000 Uncommon trap: reason=null_check action=make_not_entrant pc=0x00000165601ed1b4 method=java.awt.geom.AffineTransform.equals(Ljava/lang/Object;)Z @ 1 c2
Event: 13.379 Thread 0x0000016574ad5000 DEOPT PACKING pc=0x00000165601ed1b4 sp=0x0000003c57dfdcc0
Event: 13.379 Thread 0x0000016574ad5000 DEOPT UNPACKING pc=0x00000165586f942f sp=0x0000003c57dfdc48 mode 2

Classes unloaded (0 events):
No events

Classes redefined (0 events):
No events

Internal exceptions (20 events):
Event: 0.129 Thread 0x0000016550199800 Exception <a 'sun/nio/fs/WindowsException'{0x0000000710c1e300}> (0x0000000710c1e300) 
thrown [t:/workspace/open/src/hotspot/share/prims/jni.cpp, line 598]
Event: 0.130 Thread 0x0000016550199800 Exception <a 'sun/nio/fs/WindowsException'{0x0000000710c1e830}> (0x0000000710c1e830) 
thrown [t:/workspace/open/src/hotspot/share/prims/jni.cpp, line 598]
Event: 0.132 Thread 0x0000016550199800 Exception <a 'sun/nio/fs/WindowsException'{0x0000000710c22170}> (0x0000000710c22170) 
thrown [t:/workspace/open/src/hotspot/share/prims/jni.cpp, line 598]
Event: 0.231 Thread 0x0000016550199800 Exception <a 'java/lang/ClassNotFoundException'{0x0000000710cf1aa8}: sun/awt/resources/spi/awtProvider> (0x0000000710cf1aa8) 
thrown [t:/workspace/open/src/hotspot/share/classfile/systemDictionary.cpp, line 232]
Event: 0.278 Thread 0x0000016550199800 Exception <a 'java/io/FileNotFoundException'{0x0000000710b42098}> (0x0000000710b42098) 
thrown [t:/workspace/open/src/hotspot/share/prims/jni.cpp, line 598]
Event: 0.295 Thread 0x0000016550199800 Exception <a 'java/io/FileNotFoundException'{0x0000000710b68950}> (0x0000000710b68950) 
thrown [t:/workspace/open/src/hotspot/share/prims/jni.cpp, line 598]
Event: 0.361 Thread 0x0000016574a4f000 Exception <a 'java/lang/NoSuchMethodError'{0x0000000710bdcb08}: 'void java.lang.invoke.DirectMethodHandle$Holder.invokeSpecial(java.lang.Object, java.lang.Object)'> (0x0000000710bdcb08) 
thrown [t:/workspace/open/src/hotspot/share/interpreter/linkResolver.cpp, line 767]
Event: 0.397 Thread 0x0000016550199800 Exception <a 'java/lang/NoSuchMethodError'{0x0000000710a2ff20}: 'java.lang.Object java.lang.invoke.DirectMethodHandle$Holder.invokeStatic(java.lang.Object, int, java.lang.Object, java.lang.Object, java.lang.Object, java.lang.Object)'> (0x0000000710a2ff20) 
thrown [t:/workspace/open/src/hotspot/share/interpreter/linkResolver.cpp, line 767]
Event: 0.398 Thread 0x0000016550199800 Exception <a 'java/lang/NoSuchMethodError'{0x0000000710a365d8}: 'java.lang.Object java.lang.invoke.DirectMethodHandle$Holder.invokeStatic(java.lang.Object, int, java.lang.Object, java.lang.Object, java.lang.Object)'> (0x0000000710a365d8) 
thrown [t:/workspace/open/src/hotspot/share/interpreter/linkResolver.cpp, line 767]
Event: 0.399 Thread 0x0000016550199800 Exception <a 'java/lang/NoSuchMethodError'{0x0000000710a39e40}: 'java.lang.Object java.lang.invoke.DirectMethodHandle$Holder.invokeSpecial(java.lang.Object, java.lang.Object, int, java.lang.Object, java.lang.Object, java.lang.Object)'> (0x0000000710a39e40) 
thrown [t:/workspace/open/src/hotspot/share/interpreter/linkResolver.cpp, line 767]
Event: 0.405 Thread 0x0000016550199800 Exception <a 'java/lang/NoSuchMethodError'{0x0000000710a50410}: 'java.lang.Object java.lang.invoke.DirectMethodHandle$Holder.invokeStatic(java.lang.Object, int, java.lang.Object)'> (0x0000000710a50410) 
thrown [t:/workspace/open/src/hotspot/share/interpreter/linkResolver.cpp, line 767]
Event: 0.456 Thread 0x0000016550199800 Exception <a 'java/lang/ClassNotFoundException'{0x0000000710afd528}: com/sun/swing/internal/plaf/metal/resources/spi/metalProvider> (0x0000000710afd528) 
thrown [t:/workspace/open/src/hotspot/share/classfile/systemDictionary.cpp, line 232]
Event: 0.459 Thread 0x0000016550199800 Exception <a 'java/lang/ClassNotFoundException'{0x0000000710901998}: com/sun/swing/internal/plaf/basic/resources/spi/basicProvider> (0x0000000710901998) 
thrown [t:/workspace/open/src/hotspot/share/classfile/systemDictionary.cpp, line 232]
Event: 0.470 Thread 0x0000016550199800 Exception <a 'java/lang/NoSuchMethodError'{0x000000071090f0f8}: 'void java.lang.invoke.DirectMethodHandle$Holder.invokeStaticInit(java.lang.Object)'> (0x000000071090f0f8) 
thrown [t:/workspace/open/src/hotspot/share/interpreter/linkResolver.cpp, line 767]
Event: 0.496 Thread 0x0000016550199800 Exception <a 'java/lang/ClassNotFoundException'{0x0000000710963990}: com/sun/java/swing/plaf/windows/resources/spi/windowsProvider> (0x0000000710963990) 
thrown [t:/workspace/open/src/hotspot/share/classfile/systemDictionary.cpp, line 232]
Event: 0.737 Thread 0x0000016574ad5000 Implicit null exception at 0x000001656019eb6e to 0x000001656019f5aa
Event: 0.851 Thread 0x0000016574ad5000 Exception <a 'java/lang/NoSuchMethodError'{0x00000007108b93c8}: 'java.lang.Object java.lang.invoke.Invokers$Holder.linkToTargetMethod(java.lang.Object, int, java.lang.Object)'> (0x00000007108b93c8) 
thrown [t:/workspace/open/src/hotspot/share/interpreter/linkResolver.cpp, line 767]
Event: 8.467 Thread 0x0000016574ad5000 Implicit null exception at 0x00000165601c2f37 to 0x00000165601c2fd2
Event: 12.192 Thread 0x0000016574ad5000 Implicit null exception at 0x00000165601e2358 to 0x00000165601e25c4
Event: 13.379 Thread 0x0000016574ad5000 Implicit null exception at 0x00000165601ed05c to 0x00000165601ed1a6

Events (20 events):
Event: 12.252 loading class java/awt/WaitDispatchSupport
Event: 12.252 loading class java/awt/SecondaryLoop
Event: 12.252 loading class java/awt/SecondaryLoop done
Event: 12.252 loading class java/awt/WaitDispatchSupport done
Event: 12.252 loading class java/awt/WaitDispatchSupport$5
Event: 12.252 loading class java/awt/WaitDispatchSupport$5 done
Event: 12.252 loading class java/awt/WaitDispatchSupport$1
Event: 12.252 loading class java/awt/WaitDispatchSupport$1 done
Event: 12.253 loading class java/awt/WaitDispatchSupport$2
Event: 12.253 loading class java/awt/WaitDispatchSupport$2 done
Event: 12.253 loading class java/awt/WaitDispatchSupport$4
Event: 12.253 loading class java/awt/WaitDispatchSupport$4 done
Event: 12.254 loading class java/awt/Event
Event: 12.254 loading class java/awt/Event done
Event: 12.254 Executing VM operation: RevokeBias
Event: 12.255 Executing VM operation: RevokeBias done
Event: 12.269 Executing VM operation: RevokeBias
Event: 12.269 Executing VM operation: RevokeBias done
Event: 13.364 loading class sun/awt/SunToolkit$1
Event: 13.364 loading class sun/awt/SunToolkit$1 done


Dynamic libraries:
0x00007ff615fc0000 - 0x00007ff615fcf000 	C:\Program Files\Java\jdk-13.0.1\bin\java.exe
0x00007ffe14910000 - 0x00007ffe14b06000 	C:\WINDOWS\SYSTEM32\ntdll.dll
0x00007ffe14340000 - 0x00007ffe143fd000 	C:\WINDOWS\System32\KERNEL32.DLL
0x00007ffe12080000 - 0x00007ffe12349000 	C:\WINDOWS\System32\KERNELBASE.dll
0x00007ffe126e0000 - 0x00007ffe127e0000 	C:\WINDOWS\System32\ucrtbase.dll
0x00007ffe114a0000 - 0x00007ffe114b5000 	C:\Program Files\Java\jdk-13.0.1\bin\VCRUNTIME140.dll
0x00007ffe11590000 - 0x00007ffe115a8000 	C:\Program Files\Java\jdk-13.0.1\bin\jli.dll
0x00007ffe131f0000 - 0x00007ffe1329c000 	C:\WINDOWS\System32\ADVAPI32.dll
0x00007ffe12ff0000 - 0x00007ffe1308e000 	C:\WINDOWS\System32\msvcrt.dll
0x00007ffe13400000 - 0x00007ffe1349c000 	C:\WINDOWS\System32\sechost.dll
0x00007ffe13090000 - 0x00007ffe131bb000 	C:\WINDOWS\System32\RPCRT4.dll
0x00007ffe13d40000 - 0x00007ffe13ee0000 	C:\WINDOWS\System32\USER32.dll
0x00007ffe01520000 - 0x00007ffe017bb000 	C:\WINDOWS\WinSxS\amd64_microsoft.windows.common-controls_6595b64144ccf1df_6.0.19041.746_none_ca02b4b61b8320a4\COMCTL32.dll
0x00007ffe12940000 - 0x00007ffe12962000 	C:\WINDOWS\System32\win32u.dll
0x00007ffe131c0000 - 0x00007ffe131ea000 	C:\WINDOWS\System32\GDI32.dll
0x00007ffe125d0000 - 0x00007ffe126db000 	C:\WINDOWS\System32\gdi32full.dll
0x00007ffe12530000 - 0x00007ffe125cd000 	C:\WINDOWS\System32\msvcp_win.dll
0x00007ffe0c2b0000 - 0x00007ffe0c2ba000 	C:\WINDOWS\SYSTEM32\VERSION.dll
0x00007ffe148a0000 - 0x00007ffe148d0000 	C:\WINDOWS\System32\IMM32.DLL
0x00007ffe02140000 - 0x00007ffe021db000 	C:\Program Files\Java\jdk-13.0.1\bin\msvcp140.dll
0x00007ffde8060000 - 0x00007ffde8bc6000 	C:\Program Files\Java\jdk-13.0.1\bin\server\jvm.dll
0x00007ffe13ee0000 - 0x00007ffe13ee8000 	C:\WINDOWS\System32\PSAPI.DLL
0x00007ffe11520000 - 0x00007ffe11529000 	C:\WINDOWS\SYSTEM32\WSOCK32.dll
0x00007ffe0ec40000 - 0x00007ffe0ec67000 	C:\WINDOWS\SYSTEM32\WINMM.dll
0x00007ffe13cd0000 - 0x00007ffe13d3b000 	C:\WINDOWS\System32\WS2_32.dll
0x00007ffe0f110000 - 0x00007ffe0f122000 	C:\WINDOWS\SYSTEM32\kernel.appcore.dll
0x00007ffe11410000 - 0x00007ffe11420000 	C:\Program Files\Java\jdk-13.0.1\bin\verify.dll
0x00007ffe11850000 - 0x00007ffe11a34000 	C:\WINDOWS\SYSTEM32\DBGHELP.DLL
0x00007ffe117a0000 - 0x00007ffe117cc000 	C:\WINDOWS\SYSTEM32\dbgcore.DLL
0x00007ffe123a0000 - 0x00007ffe12420000 	C:\WINDOWS\System32\bcryptPrimitives.dll
0x00007ffe0ac50000 - 0x00007ffe0ac76000 	C:\Program Files\Java\jdk-13.0.1\bin\java.dll
0x00007ffe0b0c0000 - 0x00007ffe0b0d7000 	C:\Program Files\Java\jdk-13.0.1\bin\zip.dll
0x00007ffe0ac40000 - 0x00007ffe0ac4a000 	C:\Program Files\Java\jdk-13.0.1\bin\jimage.dll
0x00007ffe134a0000 - 0x00007ffe13be3000 	C:\WINDOWS\System32\SHELL32.dll
0x00007ffe0fb80000 - 0x00007ffe1030f000 	C:\WINDOWS\SYSTEM32\windows.storage.dll
0x00007ffe14530000 - 0x00007ffe14886000 	C:\WINDOWS\System32\combase.dll
0x00007ffe11360000 - 0x00007ffe1138c000 	C:\WINDOWS\SYSTEM32\Wldp.dll
0x00007ffe14290000 - 0x00007ffe1433e000 	C:\WINDOWS\System32\SHCORE.dll
0x00007ffe14000000 - 0x00007ffe14055000 	C:\WINDOWS\System32\shlwapi.dll
0x00007ffe11f80000 - 0x00007ffe11fa6000 	C:\WINDOWS\SYSTEM32\profapi.dll
0x00007ffe0ac00000 - 0x00007ffe0ac19000 	C:\Program Files\Java\jdk-13.0.1\bin\net.dll
0x00007ffe09f50000 - 0x00007ffe0a050000 	C:\WINDOWS\SYSTEM32\WINHTTP.dll
0x00007ffe11240000 - 0x00007ffe112aa000 	C:\WINDOWS\system32\mswsock.dll
0x00007ffe0abe0000 - 0x00007ffe0abf3000 	C:\Program Files\Java\jdk-13.0.1\bin\nio.dll
0x00007ffdf48e0000 - 0x00007ffdf4a79000 	C:\Program Files\Java\jdk-13.0.1\bin\awt.dll
0x00007ffe13330000 - 0x00007ffe133fd000 	C:\WINDOWS\System32\OLEAUT32.dll
0x00007ffe0d850000 - 0x00007ffe0de10000 	C:\WINDOWS\SYSTEM32\d2d1.dll
0x00007ffe0ec70000 - 0x00007ffe0ed00000 	C:\WINDOWS\SYSTEM32\apphelp.dll
0x00007ffe0ee40000 - 0x00007ffe0eede000 	C:\WINDOWS\system32\uxtheme.dll
0x00007ffe14150000 - 0x00007ffe14266000 	C:\WINDOWS\System32\MSCTF.dll
0x00007ffe14400000 - 0x00007ffe1452a000 	C:\WINDOWS\System32\ole32.dll
0x00007ffe0f0e0000 - 0x00007ffe0f10f000 	C:\WINDOWS\system32\DWMAPI.DLL
0x00007ffdf51c0000 - 0x00007ffdf52e5000 	C:\WINDOWS\system32\opengl32.dll
0x00007ffdfde90000 - 0x00007ffdfdebc000 	C:\WINDOWS\SYSTEM32\GLU32.dll
0x00007ffdf4480000 - 0x00007ffdf464f000 	C:\WINDOWS\system32\d3d9.dll
0x00007ffe06e90000 - 0x00007ffe0706b000 	C:\WINDOWS\System32\DriverStore\FileRepository\c0361901.inf_amd64_e0351ea22e7ad253\B361909\aticfx64.dll
0x00007ffdf7e90000 - 0x00007ffdf7ec3000 	C:\WINDOWS\System32\DriverStore\FileRepository\c0361901.inf_amd64_e0351ea22e7ad253\B361909\atiu9p64.dll
0x00007ffdcfa50000 - 0x00007ffdd0762000 	C:\WINDOWS\System32\DriverStore\FileRepository\c0361901.inf_amd64_e0351ea22e7ad253\B361909\atiumd64.dll
0x0000000058b90000 - 0x0000000059a4c000 	C:\WINDOWS\System32\DriverStore\FileRepository\c0361901.inf_amd64_e0351ea22e7ad253\B361909\atiumd6a.dll
0x00007ffe11eb0000 - 0x00007ffe11efb000 	C:\WINDOWS\SYSTEM32\POWRPROF.dll
0x00007ffe11e90000 - 0x00007ffe11ea2000 	C:\WINDOWS\SYSTEM32\UMPDC.dll
0x00007ffe0cf70000 - 0x00007ffe0cfa0000 	C:\WINDOWS\SYSTEM32\amdihk64.dll
0x00007ffe0aff0000 - 0x00007ffe0b02b000 	C:\WINDOWS\SYSTEM32\dxcore.dll
0x00007ffe12350000 - 0x00007ffe1239e000 	C:\WINDOWS\System32\cfgmgr32.dll
0x00007ffe01f20000 - 0x00007ffe01fa2000 	C:\Program Files\Java\jdk-13.0.1\bin\freetype.dll
0x00007ffdfb9a0000 - 0x00007ffdfba46000 	C:\Program Files\Java\jdk-13.0.1\bin\fontmanager.dll
0x00007ffe13ef0000 - 0x00007ffe13f99000 	C:\WINDOWS\System32\clbcatq.dll
0x00007ffe0a2b0000 - 0x00007ffe0a464000 	C:\WINDOWS\SYSTEM32\WindowsCodecs.dll
0x00007ffe12050000 - 0x00007ffe12077000 	C:\WINDOWS\System32\bcrypt.dll
0x00007ffdffe60000 - 0x00007ffdffe9e000 	C:\WINDOWS\system32\dataexchange.dll
0x00007ffe0d5e0000 - 0x00007ffe0d844000 	C:\WINDOWS\system32\d3d11.dll
0x00007ffe0e140000 - 0x00007ffe0e327000 	C:\WINDOWS\system32\dcomp.dll
0x00007ffe10350000 - 0x00007ffe10443000 	C:\WINDOWS\system32\dxgi.dll
0x00007ffe0a660000 - 0x00007ffe0a861000 	C:\WINDOWS\system32\twinapi.appcore.dll
0x00007ffe070a0000 - 0x00007ffe0719b000 	C:\WINDOWS\SYSTEM32\textinputframework.dll
0x00007ffe0eb40000 - 0x00007ffe0ec32000 	C:\WINDOWS\System32\CoreMessaging.dll
0x00007ffe0e6b0000 - 0x00007ffe0ea0e000 	C:\WINDOWS\System32\CoreUIComponents.dll
0x00007ffe11be0000 - 0x00007ffe11c13000 	C:\WINDOWS\SYSTEM32\ntmarta.dll
0x00007ffe0de50000 - 0x00007ffe0dfa4000 	C:\WINDOWS\SYSTEM32\wintypes.dll
0x00007ffe0bab0000 - 0x00007ffe0bb60000 	C:\WINDOWS\WinSxS\amd64_microsoft.windows.common-controls_6595b64144ccf1df_5.82.19041.488_none_4238de57f6b64d28\comctl32.dll

dbghelp: loaded successfully - version: 4.0.5 - missing functions: none
symbol engine: initialized successfully - sym options: 0x614 - pdb path: .;C:\Program Files\Java\jdk-13.0.1\bin;C:\WINDOWS\SYSTEM32;C:\WINDOWS\WinSxS\amd64_microsoft.windows.common-controls_6595b64144ccf1df_6.0.19041.746_none_ca02b4b61b8320a4;C:\Program Files\Java\jdk-13.0.1\bin\server;C:\WINDOWS\System32\DriverStore\FileRepository\c0361901.inf_amd64_e0351ea22e7ad253\B361909;C:\WINDOWS\WinSxS\amd64_microsoft.windows.common-controls_6595b64144ccf1df_5.82.19041.488_none_4238de57f6b64d28

VM Arguments:
jvm_args: -Dfile.encoding=UTF-8 --module-path=C:\Users\Tinny\Documents\NetBeansProjects\WaitersMenu\build\classes 
java_command: WaitersMenu.LoginForm
java_class_path (initial): C:\Program Files\NetBeans-12.2\netbeans\java\modules\ext\AbsoluteLayout.jar;C:\MYSQLIDBC\mysql-connector-java-8.0.23;C:\Users\Tinny\Downloads\com.mysql.jdbc_5.1.5.jar;C:\Users\Tinny\Documents\NetBeansProjects\WaitersMenu\build\classes
Launcher Type: SUN_STANDARD

[Global flags]
     intx CICompilerCount                          = 3                                         {product} {ergonomic}
     uint ConcGCThreads                            = 1                                         {product} {ergonomic}
     uint G1ConcRefinementThreads                  = 4                                         {product} {ergonomic}
   size_t G1HeapRegionSize                         = 1048576                                   {product} {ergonomic}
    uintx GCDrainStackTargetSize                   = 64                                        {product} {ergonomic}
   size_t InitialHeapSize                          = 268435456                                 {product} {ergonomic}
   size_t MarkStackSize                            = 4194304                                   {product} {ergonomic}
   size_t MaxHeapSize                              = 4280287232                                {product} {ergonomic}
   size_t MaxNewSize                               = 2567962624                                {product} {ergonomic}
   size_t MinHeapDeltaBytes                        = 1048576                                   {product} {ergonomic}
   size_t MinHeapSize                              = 8388608                                   {product} {ergonomic}
    uintx NonNMethodCodeHeapSize                   = 5830732                                {pd product} {ergonomic}
    uintx NonProfiledCodeHeapSize                  = 122913754                              {pd product} {ergonomic}
    uintx ProfiledCodeHeapSize                     = 122913754                              {pd product} {ergonomic}
    uintx ReservedCodeCacheSize                    = 251658240                              {pd product} {ergonomic}
     bool SegmentedCodeCache                       = true                                      {product} {ergonomic}
   size_t SoftMaxHeapSize                          = 4280287232                             {manageable} {ergonomic}
     bool UseCompressedClassPointers               = true                                 {lp64_product} {ergonomic}
     bool UseCompressedOops                        = true                                 {lp64_product} {ergonomic}
     bool UseG1GC                                  = true                                      {product} {ergonomic}
     bool UseLargePagesIndividualAllocation        = false                                  {pd product} {ergonomic}

Logging:
Log output configuration:
 #0: stdout all=warning uptime,level,tags
 #1: stderr all=off uptime,level,tags

Environment Variables:
PATH=C:\Program Files (x86)\Razer Chroma SDK\bin;C:\Program Files\Razer Chroma SDK\bin;C:\Program Files (x86)\Razer\ChromaBroadcast\bin;C:\Program Files\Razer\ChromaBroadcast\bin;C:\Program Files (x86)\Common Files\Oracle\Java\javapath;C:\Program Files (x86)\NVIDIA Corporation\PhysX\Common;C:\WINDOWS\system32;C:\WINDOWS;C:\WINDOWS\System32\Wbem;C:\WINDOWS\System32\WindowsPowerShell\v1.0\;C:\WINDOWS\System32\OpenSSH\;C:\Program Files\Java\jdk-13.0.1\bin;C:\Program Files\Microsoft SQL Server\Client SDK\ODBC\110\Tools\Binn\;C:\Program Files\Microsoft SQL Server\Client SDK\ODBC\170\Tools\Binn\;C:\Program Files (x86)\Microsoft SQL Server\150\Tools\Binn\;C:\Program Files\Microsoft SQL Server\150\Tools\Binn\;C:\Program Files\Microsoft SQL Server\150\DTS\Binn\;C:\WINDOWS\system32\config\systemprofile\AppData\Local\Microsoft\WindowsApps;C:\xampp\php;C:\ProgramData\ComposerSetup\bin;C:\Program Files\nodejs\;C:\Program Files\Git\cmd;C:\Program Files\PuTTY\;C:\Program Files\MySQL\MySQL Shell 8.0\bin\;C:\Users\Tinny\AppData\Local\Microsoft\WindowsApps;C:\Users\Tinny\AppData\Roaming\Composer\vendor\bin;C:\Users\Tinny\AppData\Roaming\npm;C:\Users\Tinny\AppData\Local\Programs\Microsoft VS Code\bin;C:\Users\Tinny\AppData\Local\GitHubDesktop\bin
USERNAME=Tinny
OS=Windows_NT
PROCESSOR_IDENTIFIER=AMD64 Family 21 Model 48 Stepping 1, AuthenticAMD



---------------  S Y S T E M  ---------------

OS: Windows 10 , 64 bit Build 19041 (10.0.19041.662)

CPU:total 4 (initial active 4) (4 cores per cpu, 1 threads per core) family 21 model 48 stepping 1, cmov, cx8, fxsr, mmx, sse, sse2, sse3, ssse3, sse4.1, sse4.2, popcnt, avx, aes, clmul, mmxext, 3dnowpref, lzcnt, sse4a, tsc, tscinvbit, tscinv, bmi1, fma

Memory: 4k page, system-wide physical 16320M (6326M free)
TotalPageFile size 18320M (AvailPageFile size 5M)
current process WorkingSet (physical memory assigned to process): 128M, peak: 129M
current process commit charge ("private bytes"): 421M, peak: 426M

vm_info: Java HotSpot(TM) 64-Bit Server VM (13.0.1+9) for windows-amd64 JRE (13.0.1+9), built on Oct  6 2019 12:37:49 by "mach5one" with unknown MS VC++:1916

END.
